This is pdfTeX, Version 3.141592653-2.6-1.40.24 (TeX Live 2022) (preloaded format=pdflatex 2022.6.16)  16 JUN 2022 17:14
entering extended mode
 restricted \write18 enabled.
 %&-line parsing enabled.
**GSERmap_CG.tex
(./GSERmap_CG.tex
LaTeX2e <2022-06-01> pre-release-0 (develop 2022-6-16 branch)
L3 programming layer <2022-06-02> (c:/Users/Mainka/AppData/Roaming/TinyTeX/texmf-dist/tex/latex/base/book.cls
Document Class: book 2021/10/04 v1.4n Standard LaTeX document class
(c:/Users/Mainka/AppData/Roaming/TinyTeX/texmf-dist/tex/latex/base/bk10.clo
File: bk10.clo 2021/10/04 v1.4n Standard LaTeX file (size option)
)
\c@part=\count185
\c@chapter=\count186
\c@section=\count187
\c@subsection=\count188
\c@subsubsection=\count189
\c@paragraph=\count190
\c@subparagraph=\count191
\c@figure=\count192
\c@table=\count193
\abovecaptionskip=\skip47
\belowcaptionskip=\skip48
\bibindent=\dimen138
) (c:/Users/Mainka/AppData/Roaming/TinyTeX/texmf-dist/tex/latex/amsmath/amsmath.sty
Package: amsmath 2022/04/08 v2.17n AMS math features
\@mathmargin=\skip49
For additional information on amsmath, use the `?' option.
(c:/Users/Mainka/AppData/Roaming/TinyTeX/texmf-dist/tex/latex/amsmath/amstext.sty
Package: amstext 2021/08/26 v2.01 AMS text
(c:/Users/Mainka/AppData/Roaming/TinyTeX/texmf-dist/tex/latex/amsmath/amsgen.sty
File: amsgen.sty 1999/11/30 v2.0 generic functions
\@emptytoks=\toks16
\ex@=\dimen139
)) (c:/Users/Mainka/AppData/Roaming/TinyTeX/texmf-dist/tex/latex/amsmath/amsbsy.sty
Package: amsbsy 1999/11/29 v1.2d Bold Symbols
\pmbraise@=\dimen140
) (c:/Users/Mainka/AppData/Roaming/TinyTeX/texmf-dist/tex/latex/amsmath/amsopn.sty
Package: amsopn 2022/04/08 v2.04 operator names
)
\inf@bad=\count194
LaTeX Info: Redefining \frac on input line 234.
\uproot@=\count195
\leftroot@=\count196
LaTeX Info: Redefining \overline on input line 399.
LaTeX Info: Redefining \colon on input line 410.
\classnum@=\count197
\DOTSCASE@=\count198
LaTeX Info: Redefining \ldots on input line 496.
LaTeX Info: Redefining \dots on input line 499.
LaTeX Info: Redefining \cdots on input line 620.
\Mathstrutbox@=\box51
\strutbox@=\box52
LaTeX Info: Redefining \big on input line 722.
LaTeX Info: Redefining \Big on input line 723.
LaTeX Info: Redefining \bigg on input line 724.
LaTeX Info: Redefining \Bigg on input line 725.
\big@size=\dimen141
LaTeX Font Info:    Redeclaring font encoding OML on input line 743.
LaTeX Font Info:    Redeclaring font encoding OMS on input line 744.
\macc@depth=\count199
LaTeX Info: Redefining \bmod on input line 905.
LaTeX Info: Redefining \pmod on input line 910.
LaTeX Info: Redefining \smash on input line 940.
LaTeX Info: Redefining \relbar on input line 970.
LaTeX Info: Redefining \Relbar on input line 971.
\c@MaxMatrixCols=\count266
\dotsspace@=\muskip16
\c@parentequation=\count267
\dspbrk@lvl=\count268
\tag@help=\toks17
\row@=\count269
\column@=\count270
\maxfields@=\count271
\andhelp@=\toks18
\eqnshift@=\dimen142
\alignsep@=\dimen143
\tagshift@=\dimen144
\tagwidth@=\dimen145
\totwidth@=\dimen146
\lineht@=\dimen147
\@envbody=\toks19
\multlinegap=\skip50
\multlinetaggap=\skip51
\mathdisplay@stack=\toks20
LaTeX Info: Redefining \[ on input line 2953.
LaTeX Info: Redefining \] on input line 2954.
) (c:/Users/Mainka/AppData/Roaming/TinyTeX/texmf-dist/tex/latex/amsfonts/amssymb.sty
Package: amssymb 2013/01/14 v3.01 AMS font symbols
(c:/Users/Mainka/AppData/Roaming/TinyTeX/texmf-dist/tex/latex/amsfonts/amsfonts.sty
Package: amsfonts 2013/01/14 v3.01 Basic AMSFonts support
\symAMSa=\mathgroup4
\symAMSb=\mathgroup5
LaTeX Font Info:    Redeclaring math symbol \hbar on input line 98.
LaTeX Font Info:    Overwriting math alphabet `\mathfrak' in version `bold'
(Font)                  U/euf/m/n --> U/euf/b/n on input line 106.
)) (c:/Users/Mainka/AppData/Roaming/TinyTeX/texmf-dist/tex/latex/lm/lmodern.sty
Package: lmodern 2015/05/01 v1.6.1 Latin Modern Fonts
LaTeX Font Info:    Overwriting symbol font `operators' in version `normal'
(Font)                  OT1/cmr/m/n --> OT1/lmr/m/n on input line 22.
LaTeX Font Info:    Overwriting symbol font `letters' in version `normal'
(Font)                  OML/cmm/m/it --> OML/lmm/m/it on input line 23.
LaTeX Font Info:    Overwriting symbol font `symbols' in version `normal'
(Font)                  OMS/cmsy/m/n --> OMS/lmsy/m/n on input line 24.
LaTeX Font Info:    Overwriting symbol font `largesymbols' in version `normal'
(Font)                  OMX/cmex/m/n --> OMX/lmex/m/n on input line 25.
LaTeX Font Info:    Overwriting symbol font `operators' in version `bold'
(Font)                  OT1/cmr/bx/n --> OT1/lmr/bx/n on input line 26.
LaTeX Font Info:    Overwriting symbol font `letters' in version `bold'
(Font)                  OML/cmm/b/it --> OML/lmm/b/it on input line 27.
LaTeX Font Info:    Overwriting symbol font `symbols' in version `bold'
(Font)                  OMS/cmsy/b/n --> OMS/lmsy/b/n on input line 28.
LaTeX Font Info:    Overwriting symbol font `largesymbols' in version `bold'
(Font)                  OMX/cmex/m/n --> OMX/lmex/m/n on input line 29.
LaTeX Font Info:    Overwriting math alphabet `\mathbf' in version `normal'
(Font)                  OT1/cmr/bx/n --> OT1/lmr/bx/n on input line 31.
LaTeX Font Info:    Overwriting math alphabet `\mathsf' in version `normal'
(Font)                  OT1/cmss/m/n --> OT1/lmss/m/n on input line 32.
LaTeX Font Info:    Overwriting math alphabet `\mathit' in version `normal'
(Font)                  OT1/cmr/m/it --> OT1/lmr/m/it on input line 33.
LaTeX Font Info:    Overwriting math alphabet `\mathtt' in version `normal'
(Font)                  OT1/cmtt/m/n --> OT1/lmtt/m/n on input line 34.
LaTeX Font Info:    Overwriting math alphabet `\mathbf' in version `bold'
(Font)                  OT1/cmr/bx/n --> OT1/lmr/bx/n on input line 35.
LaTeX Font Info:    Overwriting math alphabet `\mathsf' in version `bold'
(Font)                  OT1/cmss/bx/n --> OT1/lmss/bx/n on input line 36.
LaTeX Font Info:    Overwriting math alphabet `\mathit' in version `bold'
(Font)                  OT1/cmr/bx/it --> OT1/lmr/bx/it on input line 37.
LaTeX Font Info:    Overwriting math alphabet `\mathtt' in version `bold'
(Font)                  OT1/cmtt/m/n --> OT1/lmtt/m/n on input line 38.
) (c:/Users/Mainka/AppData/Roaming/TinyTeX/texmf-dist/tex/generic/iftex/ifxetex.sty
Package: ifxetex 2019/10/25 v0.7 ifxetex legacy package. Use iftex instead.
(c:/Users/Mainka/AppData/Roaming/TinyTeX/texmf-dist/tex/generic/iftex/iftex.sty
Package: iftex 2022/02/03 v1.0f TeX engine tests
)) (c:/Users/Mainka/AppData/Roaming/TinyTeX/texmf-dist/tex/generic/iftex/ifluatex.sty
Package: ifluatex 2019/10/25 v1.5 ifluatex legacy package. Use iftex instead.
) (c:/Users/Mainka/AppData/Roaming/TinyTeX/texmf-dist/tex/latex/base/fontenc.sty
Package: fontenc 2021/04/29 v2.0v Standard LaTeX package
LaTeX Font Info:    Trying to load font information for T1+lmr on input line 112.
(c:/Users/Mainka/AppData/Roaming/TinyTeX/texmf-dist/tex/latex/lm/t1lmr.fd
File: t1lmr.fd 2015/05/01 v1.6.1 Font defs for Latin Modern
)) (c:/Users/Mainka/AppData/Roaming/TinyTeX/texmf-dist/tex/latex/base/inputenc.sty
Package: inputenc 2021/02/14 v1.3d Input encoding file
\inpenc@prehook=\toks21
\inpenc@posthook=\toks22
) (c:/Users/Mainka/AppData/Roaming/TinyTeX/texmf-dist/tex/latex/base/textcomp.sty
Package: textcomp 2020/02/02 v2.0n Standard LaTeX package
) (c:/Users/Mainka/AppData/Roaming/TinyTeX/texmf-dist/tex/latex/xcolor/xcolor.sty
Package: xcolor 2022/06/12 v2.14 LaTeX color extensions (UK)
(c:/Users/Mainka/AppData/Roaming/TinyTeX/texmf-dist/tex/latex/graphics-cfg/color.cfg
File: color.cfg 2016/01/02 v1.6 sample color configuration
)
Package xcolor Info: Driver file: pdftex.def on input line 227.
(c:/Users/Mainka/AppData/Roaming/TinyTeX/texmf-dist/tex/latex/graphics-def/pdftex.def
File: pdftex.def 2020/10/05 v1.2a Graphics/color driver for pdftex
) (c:/Users/Mainka/AppData/Roaming/TinyTeX/texmf-dist/tex/latex/graphics/mathcolor.ltx)
Package xcolor Info: Model `cmy' substituted by `cmy0' on input line 1353.
Package xcolor Info: Model `hsb' substituted by `rgb' on input line 1357.
Package xcolor Info: Model `RGB' extended on input line 1369.
Package xcolor Info: Model `HTML' substituted by `rgb' on input line 1371.
Package xcolor Info: Model `Hsb' substituted by `hsb' on input line 1372.
Package xcolor Info: Model `tHsb' substituted by `hsb' on input line 1373.
Package xcolor Info: Model `HSB' substituted by `hsb' on input line 1374.
Package xcolor Info: Model `Gray' substituted by `gray' on input line 1375.
Package xcolor Info: Model `wave' substituted by `hsb' on input line 1376.
) (c:/Users/Mainka/AppData/Roaming/TinyTeX/texmf-dist/tex/latex/bookmark/bookmark.sty
Package: bookmark 2020-11-06 v1.29 PDF bookmarks (HO)
(c:/Users/Mainka/AppData/Roaming/TinyTeX/texmf-dist/tex/latex/hyperref/hyperref.sty
Package: hyperref 2022-06-13 v7.00r Hypertext links for LaTeX
(c:/Users/Mainka/AppData/Roaming/TinyTeX/texmf-dist/tex/generic/ltxcmds/ltxcmds.sty
Package: ltxcmds 2020-05-10 v1.25 LaTeX kernel commands for general use (HO)
) (c:/Users/Mainka/AppData/Roaming/TinyTeX/texmf-dist/tex/generic/pdftexcmds/pdftexcmds.sty
Package: pdftexcmds 2020-06-27 v0.33 Utility functions of pdfTeX for LuaTeX (HO)
(c:/Users/Mainka/AppData/Roaming/TinyTeX/texmf-dist/tex/generic/infwarerr/infwarerr.sty
Package: infwarerr 2019/12/03 v1.5 Providing info/warning/error messages (HO)
)
Package pdftexcmds Info: \pdf@primitive is available.
Package pdftexcmds Info: \pdf@ifprimitive is available.
Package pdftexcmds Info: \pdfdraftmode found.
) (c:/Users/Mainka/AppData/Roaming/TinyTeX/texmf-dist/tex/latex/graphics/keyval.sty
Package: keyval 2022/05/29 v1.15 key=value parser (DPC)
\KV@toks@=\toks23
) (c:/Users/Mainka/AppData/Roaming/TinyTeX/texmf-dist/tex/generic/kvsetkeys/kvsetkeys.sty
Package: kvsetkeys 2019/12/15 v1.18 Key value parser (HO)
) (c:/Users/Mainka/AppData/Roaming/TinyTeX/texmf-dist/tex/generic/kvdefinekeys/kvdefinekeys.sty
Package: kvdefinekeys 2019-12-19 v1.6 Define keys (HO)
) (c:/Users/Mainka/AppData/Roaming/TinyTeX/texmf-dist/tex/generic/pdfescape/pdfescape.sty
Package: pdfescape 2019/12/09 v1.15 Implements pdfTeX's escape features (HO)
) (c:/Users/Mainka/AppData/Roaming/TinyTeX/texmf-dist/tex/latex/hycolor/hycolor.sty
Package: hycolor 2020-01-27 v1.10 Color options for hyperref/bookmark (HO)
) (c:/Users/Mainka/AppData/Roaming/TinyTeX/texmf-dist/tex/latex/letltxmacro/letltxmacro.sty
Package: letltxmacro 2019/12/03 v1.6 Let assignment for LaTeX macros (HO)
) (c:/Users/Mainka/AppData/Roaming/TinyTeX/texmf-dist/tex/latex/auxhook/auxhook.sty
Package: auxhook 2019-12-17 v1.6 Hooks for auxiliary files (HO)
) (c:/Users/Mainka/AppData/Roaming/TinyTeX/texmf-dist/tex/latex/hyperref/nameref.sty
Package: nameref 2022-05-17 v2.50 Cross-referencing by name of section
(c:/Users/Mainka/AppData/Roaming/TinyTeX/texmf-dist/tex/latex/refcount/refcount.sty
Package: refcount 2019/12/15 v3.6 Data extraction from label references (HO)
) (c:/Users/Mainka/AppData/Roaming/TinyTeX/texmf-dist/tex/generic/gettitlestring/gettitlestring.sty
Package: gettitlestring 2019/12/15 v1.6 Cleanup title references (HO)
(c:/Users/Mainka/AppData/Roaming/TinyTeX/texmf-dist/tex/latex/kvoptions/kvoptions.sty
Package: kvoptions 2020-10-07 v3.14 Key value format for package options (HO)
))
\c@section@level=\count272
)
\@linkdim=\dimen148
\Hy@linkcounter=\count273
\Hy@pagecounter=\count274
(c:/Users/Mainka/AppData/Roaming/TinyTeX/texmf-dist/tex/latex/hyperref/pd1enc.def
File: pd1enc.def 2022-06-13 v7.00r Hyperref: PDFDocEncoding definition (HO)
Now handling font encoding PD1 ...
... no UTF-8 mapping file for font encoding PD1
) (c:/Users/Mainka/AppData/Roaming/TinyTeX/texmf-dist/tex/generic/intcalc/intcalc.sty
Package: intcalc 2019/12/15 v1.3 Expandable calculations with integers (HO)
) (c:/Users/Mainka/AppData/Roaming/TinyTeX/texmf-dist/tex/generic/etexcmds/etexcmds.sty
Package: etexcmds 2019/12/15 v1.7 Avoid name clashes with e-TeX commands (HO)
)
\Hy@SavedSpaceFactor=\count275
(c:/Users/Mainka/AppData/Roaming/TinyTeX/texmf-dist/tex/latex/hyperref/puenc.def
File: puenc.def 2022-06-13 v7.00r Hyperref: PDF Unicode definition (HO)
Now handling font encoding PU ...
... no UTF-8 mapping file for font encoding PU
)
Package hyperref Info: Option `unicode' set `true' on input line 4020.
Package hyperref Info: Hyper figures OFF on input line 4139.
Package hyperref Info: Link nesting OFF on input line 4144.
Package hyperref Info: Hyper index ON on input line 4147.
Package hyperref Info: Plain pages OFF on input line 4154.
Package hyperref Info: Backreferencing OFF on input line 4159.
Package hyperref Info: Implicit mode ON; LaTeX internals redefined.
Package hyperref Info: Bookmarks ON on input line 4385.
\c@Hy@tempcnt=\count276
(c:/Users/Mainka/AppData/Roaming/TinyTeX/texmf-dist/tex/latex/url/url.sty
\Urlmuskip=\muskip17
Package: url 2013/09/16  ver 3.4  Verb mode for urls, etc.
)
LaTeX Info: Redefining \url on input line 4723.
\XeTeXLinkMargin=\dimen149
(c:/Users/Mainka/AppData/Roaming/TinyTeX/texmf-dist/tex/generic/bitset/bitset.sty
Package: bitset 2019/12/09 v1.3 Handle bit-vector datatype (HO)
(c:/Users/Mainka/AppData/Roaming/TinyTeX/texmf-dist/tex/generic/bigintcalc/bigintcalc.sty
Package: bigintcalc 2019/12/15 v1.5 Expandable calculations on big integers (HO)
))
\Fld@menulength=\count277
\Field@Width=\dimen150
\Fld@charsize=\dimen151
Package hyperref Info: Hyper figures OFF on input line 6001.
Package hyperref Info: Link nesting OFF on input line 6006.
Package hyperref Info: Hyper index ON on input line 6009.
Package hyperref Info: backreferencing OFF on input line 6016.
Package hyperref Info: Link coloring OFF on input line 6021.
Package hyperref Info: Link coloring with OCG OFF on input line 6026.
Package hyperref Info: PDF/A mode OFF on input line 6031.
(c:/Users/Mainka/AppData/Roaming/TinyTeX/texmf-dist/tex/latex/base/atbegshi-ltx.sty
Package: atbegshi-ltx 2021/01/10 v1.0c Emulation of the original atbegshi
package with kernel methods
)
\Hy@abspage=\count278
\c@Item=\count279
\c@Hfootnote=\count280
)
Package hyperref Info: Driver (autodetected): hpdftex.
(c:/Users/Mainka/AppData/Roaming/TinyTeX/texmf-dist/tex/latex/hyperref/hpdftex.def
File: hpdftex.def 2022-06-13 v7.00r Hyperref driver for pdfTeX
(c:/Users/Mainka/AppData/Roaming/TinyTeX/texmf-dist/tex/latex/base/atveryend-ltx.sty
Package: atveryend-ltx 2020/08/19 v1.0a Emulation of the original atveryend package
with kernel methods
)
\Fld@listcount=\count281
\c@bookmark@seq@number=\count282
(c:/Users/Mainka/AppData/Roaming/TinyTeX/texmf-dist/tex/latex/rerunfilecheck/rerunfilecheck.sty
Package: rerunfilecheck 2019/12/05 v1.9 Rerun checks for auxiliary files (HO)
(c:/Users/Mainka/AppData/Roaming/TinyTeX/texmf-dist/tex/generic/uniquecounter/uniquecounter.sty
Package: uniquecounter 2019/12/15 v1.4 Provide unlimited unique counter (HO)
)
Package uniquecounter Info: New unique counter `rerunfilecheck' on input line 286.
)
\Hy@SectionHShift=\skip52
) (c:/Users/Mainka/AppData/Roaming/TinyTeX/texmf-dist/tex/latex/bookmark/bkm-pdftex.def
File: bkm-pdftex.def 2020-11-06 v1.29 bookmark driver for pdfTeX (HO)
\BKM@id=\count283
)) (c:/Users/Mainka/AppData/Roaming/TinyTeX/texmf-dist/tex/latex/fancyvrb/fancyvrb.sty
Package: fancyvrb 2022/06/06 4.5 verbatim text (tvz,hv)
\FV@CodeLineNo=\count284
\FV@InFile=\read2
\FV@TabBox=\box53
\c@FancyVerbLine=\count285
\FV@StepNumber=\count286
\FV@OutFile=\write3
) (c:/Users/Mainka/AppData/Roaming/TinyTeX/texmf-dist/tex/latex/framed/framed.sty
Package: framed 2011/10/22 v 0.96: framed or shaded text with page breaks
\OuterFrameSep=\skip53
\fb@frw=\dimen152
\fb@frh=\dimen153
\FrameRule=\dimen154
\FrameSep=\dimen155
) (c:/Users/Mainka/AppData/Roaming/TinyTeX/texmf-dist/tex/latex/tools/longtable.sty
Package: longtable 2021-09-01 v4.17 Multi-page Table package (DPC)
\LTleft=\skip54
\LTright=\skip55
\LTpre=\skip56
\LTpost=\skip57
\LTchunksize=\count287
\LTcapwidth=\dimen156
\LT@head=\box54
\LT@firsthead=\box55
\LT@foot=\box56
\LT@lastfoot=\box57
\LT@gbox=\box58
\LT@cols=\count288
\LT@rows=\count289
\c@LT@tables=\count290
\c@LT@chunks=\count291
\LT@p@ftn=\toks24
) (c:/Users/Mainka/AppData/Roaming/TinyTeX/texmf-dist/tex/latex/booktabs/booktabs.sty
Package: booktabs 2020/01/12 v1.61803398 Publication quality tables
\heavyrulewidth=\dimen157
\lightrulewidth=\dimen158
\cmidrulewidth=\dimen159
\belowrulesep=\dimen160
\belowbottomsep=\dimen161
\aboverulesep=\dimen162
\abovetopsep=\dimen163
\cmidrulesep=\dimen164
\cmidrulekern=\dimen165
\defaultaddspace=\dimen166
\@cmidla=\count292
\@cmidlb=\count293
\@aboverulesep=\dimen167
\@belowrulesep=\dimen168
\@thisruleclass=\count294
\@lastruleclass=\count295
\@thisrulewidth=\dimen169
) (c:/Users/Mainka/AppData/Roaming/TinyTeX/texmf-dist/tex/latex/tools/array.sty
Package: array 2022/03/10 v2.5f Tabular extension package (FMi)
\col@sep=\dimen170
\ar@mcellbox=\box59
\extrarowheight=\dimen171
\NC@list=\toks25
\extratabsurround=\skip58
\backup@length=\skip59
\ar@cellbox=\box60
) (c:/Users/Mainka/AppData/Roaming/TinyTeX/texmf-dist/tex/latex/tools/calc.sty
Package: calc 2017/05/25 v4.3 Infix arithmetic (KKT,FJ)
\calc@Acount=\count296
\calc@Bcount=\count297
\calc@Adimen=\dimen172
\calc@Bdimen=\dimen173
\calc@Askip=\skip60
\calc@Bskip=\skip61
LaTeX Info: Redefining \setlength on input line 80.
LaTeX Info: Redefining \addtolength on input line 81.
\calc@Ccount=\count298
\calc@Cskip=\skip62
) (c:/Users/Mainka/AppData/Roaming/TinyTeX/texmf-dist/tex/latex/etoolbox/etoolbox.sty
Package: etoolbox 2020/10/05 v2.5k e-TeX tools for LaTeX (JAW)
\etb@tempcnta=\count299
) (c:/Users/Mainka/AppData/Roaming/TinyTeX/texmf-dist/tex/latex/mdwtools/footnote.sty
Package: footnote 1997/01/28 1.13 Save footnotes around boxes
\fn@notes=\box61
\fn@width=\dimen174
) (c:/Users/Mainka/AppData/Roaming/TinyTeX/texmf-dist/tex/latex/graphics/graphicx.sty
Package: graphicx 2021/09/16 v1.2d Enhanced LaTeX Graphics (DPC,SPQR)
(c:/Users/Mainka/AppData/Roaming/TinyTeX/texmf-dist/tex/latex/graphics/graphics.sty
Package: graphics 2022/03/10 v1.4e Standard LaTeX Graphics (DPC,SPQR)
(c:/Users/Mainka/AppData/Roaming/TinyTeX/texmf-dist/tex/latex/graphics/trig.sty
Package: trig 2021/08/11 v1.11 sin cos tan (DPC)
) (c:/Users/Mainka/AppData/Roaming/TinyTeX/texmf-dist/tex/latex/graphics-cfg/graphics.cfg
File: graphics.cfg 2016/06/04 v1.11 sample graphics configuration
)
Package graphics Info: Driver file: pdftex.def on input line 107.
)
\Gin@req@height=\dimen175
\Gin@req@width=\dimen176
) (c:/Users/Mainka/AppData/Roaming/TinyTeX/texmf-dist/tex/latex/amscls/amsthm.sty
Package: amsthm 2020/05/29 v2.20.6
\thm@style=\toks26
\thm@bodyfont=\toks27
\thm@headfont=\toks28
\thm@notefont=\toks29
\thm@headpunct=\toks30
\thm@preskip=\skip63
\thm@postskip=\skip64
\thm@headsep=\skip65
\dth@everypar=\toks31
) (c:/Users/Mainka/AppData/Roaming/TinyTeX/texmf-dist/tex/latex/tools/afterpage.sty
Package: afterpage 2014/10/28 v1.08 After-Page Package (DPC)
\AP@output=\toks32
\AP@partial=\box62
\AP@footins=\box63
) (c:/Users/Mainka/AppData/Roaming/TinyTeX/texmf-dist/tex/latex/sectsty/sectsty.sty
Package: sectsty 2002/02/25 v2.0.2 Commands to change all sectional heading styles

LaTeX Warning: Command \underbar  has changed.
               Check if current package is valid.


LaTeX Warning: Command \underline  has changed.
               Check if current package is valid.

)
Package hyperref Info: Option `colorlinks' set `true' on input line 156.
(c:/Users/Mainka/AppData/Roaming/TinyTeX/texmf-dist/tex/latex/fancyhdr/fancyhdr.sty
Package: fancyhdr 2022/05/18 v4.0.3 Extensive control of page headers and footers
\f@nch@headwidth=\skip66
\f@nch@O@elh=\skip67
\f@nch@O@erh=\skip68
\f@nch@O@olh=\skip69
\f@nch@O@orh=\skip70
\f@nch@O@elf=\skip71
\f@nch@O@erf=\skip72
\f@nch@O@olf=\skip73
\f@nch@O@orf=\skip74
) (c:/Users/Mainka/AppData/Roaming/TinyTeX/texmf-dist/tex/latex/pdfpages/pdfpages.sty
Package: pdfpages 2022/05/22 v0.5v Insert pages of external PDF documents (AM)
(c:/Users/Mainka/AppData/Roaming/TinyTeX/texmf-dist/tex/latex/base/ifthen.sty
Package: ifthen 2022/04/13 v1.1d Standard LaTeX ifthen package (DPC)
) (c:/Users/Mainka/AppData/Roaming/TinyTeX/texmf-dist/tex/latex/eso-pic/eso-pic.sty
Package: eso-pic 2020/10/14 v3.0a eso-pic (RN)
\ESO@tempdima=\dimen177
\ESO@tempdimb=\dimen178
)
\AM@pagewidth=\dimen179
\AM@pageheight=\dimen180
\AM@fboxrule=\dimen181
(c:/Users/Mainka/AppData/Roaming/TinyTeX/texmf-dist/tex/latex/pdfpages/pppdftex.def
File: pppdftex.def 2022/05/22 v0.5v Pdfpages driver for pdfTeX (AM)
)
\pdfpages@includegraphics@status=\count300
\AM@pagebox=\box64
\AM@global@opts=\toks33
\AM@pagecnt=\count301
\AM@toc@title=\toks34
\c@AM@survey=\count302
\AM@templatesizebox=\box65
)

Package fancyhdr Warning: \fancyhead's `E' option without twoside option is useless on input line 168.


Package fancyhdr Warning: \fancyhead's `E' option without twoside option is useless on input line 170.

(c:/Users/Mainka/AppData/Roaming/TinyTeX/texmf-dist/tex/latex/tools/multicol.sty
Package: multicol 2021/11/30 v1.9d multicolumn formatting (FMi)
\c@tracingmulticols=\count303
\mult@box=\box66
\multicol@leftmargin=\dimen182
\c@unbalance=\count304
\c@collectmore=\count305
\doublecol@number=\count306
\multicoltolerance=\count307
\multicolpretolerance=\count308
\full@width=\dimen183
\page@free=\dimen184
\premulticols=\dimen185
\postmulticols=\dimen186
\multicolsep=\skip75
\multicolbaselineskip=\skip76
\partial@page=\box67
\last@line=\box68
\maxbalancingoverflow=\dimen187
\mult@rightbox=\box69
\mult@grightbox=\box70
\mult@firstbox=\box71
\mult@gfirstbox=\box72
\@tempa=\box73
\@tempa=\box74
\@tempa=\box75
\@tempa=\box76
\@tempa=\box77
\@tempa=\box78
\@tempa=\box79
\@tempa=\box80
\@tempa=\box81
\@tempa=\box82
\@tempa=\box83
\@tempa=\box84
\@tempa=\box85
\@tempa=\box86
\@tempa=\box87
\@tempa=\box88
\@tempa=\box89
\@tempa=\box90
\@tempa=\box91
\@tempa=\box92
\@tempa=\box93
\@tempa=\box94
\@tempa=\box95
\@tempa=\box96
\@tempa=\box97
\@tempa=\box98
\@tempa=\box99
\@tempa=\box100
\@tempa=\box101
\@tempa=\box102
\@tempa=\box103
\@tempa=\box104
\@tempa=\box105
\@tempa=\box106
\@tempa=\box107
\@tempa=\box108
\c@minrows=\count309
\c@columnbadness=\count310
\c@finalcolumnbadness=\count311
\last@try=\dimen188
\multicolovershoot=\dimen189
\multicolundershoot=\dimen190
\mult@nat@firstbox=\box109
\colbreak@box=\box110
\mc@col@check@num=\count312
) (c:/Users/Mainka/AppData/Roaming/TinyTeX/texmf-dist/tex/latex/multirow/multirow.sty
Package: multirow 2021/03/15 v2.8 Span multiple rows of a table
\multirow@colwidth=\skip77
\multirow@cntb=\count313
\multirow@dima=\skip78
\bigstrutjot=\dimen191
) (c:/Users/Mainka/AppData/Roaming/TinyTeX/texmf-dist/tex/latex/wrapfig/wrapfig.sty
\wrapoverhang=\dimen192
\WF@size=\dimen193
\c@WF@wrappedlines=\count314
\WF@box=\box111
\WF@everypar=\toks35
Package: wrapfig 2003/01/31  v 3.6
) (c:/Users/Mainka/AppData/Roaming/TinyTeX/texmf-dist/tex/latex/float/float.sty
Package: float 2001/11/08 v1.3d Float enhancements (AL)
\c@float@type=\count315
\float@exts=\toks36
\float@box=\box112
\@float@everytoks=\toks37
\@floatcapt=\box113
) (c:/Users/Mainka/AppData/Roaming/TinyTeX/texmf-dist/tex/latex/colortbl/colortbl.sty
Package: colortbl 2020/01/04 v1.0e Color table columns (DPC)
\everycr=\toks38
\minrowclearance=\skip79
) (c:/Users/Mainka/AppData/Roaming/TinyTeX/texmf-dist/tex/latex/pdflscape/pdflscape.sty
Package: pdflscape 2019/12/05 v0.12 Display of landscape pages in PDF (HO)
(c:/Users/Mainka/AppData/Roaming/TinyTeX/texmf-dist/tex/latex/graphics/lscape.sty
Package: lscape 2020/05/28 v3.02 Landscape Pages (DPC)
)
Package pdflscape Info: Auto-detected driver: pdftex on input line 81.
) (c:/Users/Mainka/AppData/Roaming/TinyTeX/texmf-dist/tex/latex/tabu/tabu.sty
Package: tabu 2019/01/11 v2.9 - flexible LaTeX tabulars (FC+tabu-fixed)
(c:/Users/Mainka/AppData/Roaming/TinyTeX/texmf-dist/tex/latex/varwidth/varwidth.sty
Package: varwidth 2009/03/30 ver 0.92;  Variable-width minipages
\@vwid@box=\box114
\sift@deathcycles=\count316
\@vwid@loff=\dimen194
\@vwid@roff=\dimen195
)
\c@taburow=\count317
\tabu@nbcols=\count318
\tabu@cnt=\count319
\tabu@Xcol=\count320
\tabu@alloc=\count321
\tabu@nested=\count322
\tabu@target=\dimen196
\tabu@spreadtarget=\dimen197
\tabu@naturalX=\dimen198
\tabucolX=\dimen199
\tabu@Xsum=\dimen256
\extrarowdepth=\dimen257
\abovetabulinesep=\dimen258
\belowtabulinesep=\dimen259
\tabustrutrule=\dimen260
\tabu@thebody=\toks39
\tabu@footnotes=\toks40
\tabu@box=\box115
\tabu@arstrutbox=\box116
\tabu@hleads=\box117
\tabu@vleads=\box118
\tabu@cellskip=\skip80
) (c:/Users/Mainka/AppData/Roaming/TinyTeX/texmf-dist/tex/latex/threeparttable/threeparttable.sty
Package: threeparttable 2003/06/13  v 3.0
\@tempboxb=\box119
) (c:/Users/Mainka/AppData/Roaming/TinyTeX/texmf-dist/tex/generic/ulem/ulem.sty
\UL@box=\box120
\UL@hyphenbox=\box121
\UL@skip=\skip81
\UL@hook=\toks41
\UL@height=\dimen261
\UL@pe=\count323
\UL@pixel=\dimen262
\ULC@box=\box122
Package: ulem 2019/11/18
\ULdepth=\dimen263
) (c:/Users/Mainka/AppData/Roaming/TinyTeX/texmf-dist/tex/latex/emptypage/emptypage.sty
Package: emptypage 2010/05/30 v1.2 Suppress page numbers and headings on empty pages
) (c:/Users/Mainka/AppData/Roaming/TinyTeX/texmf-dist/tex/latex/cite/chapterbib.sty
\c@inputfile=\count324
Package: chapterbib 2010/09/18  v 1.17
) (c:/Users/Mainka/AppData/Roaming/TinyTeX/texmf-dist/tex/latex/nomencl/nomencl.sty
Package: nomencl 2021/11/10 v5.6 Nomenclature package
(c:/Users/Mainka/AppData/Roaming/TinyTeX/texmf-dist/tex/latex/xkeyval/xkeyval.sty
Package: xkeyval 2020/11/20 v2.8 package option processing (HA)
(c:/Users/Mainka/AppData/Roaming/TinyTeX/texmf-dist/tex/generic/xkeyval/xkeyval.tex (c:/Users/Mainka/AppData/Roaming/TinyTeX/texmf-dist/tex/generic/xkeyval/xkvutils.tex
\XKV@toks=\toks42
\XKV@tempa@toks=\toks43
)
\XKV@depth=\count325
File: xkeyval.tex 2014/12/03 v2.7a key=value parser (HA)
)) (c:/Users/Mainka/AppData/Roaming/TinyTeX/texmf-dist/tex/latex/koma-script/tocbasic.sty
Package: tocbasic 2022/05/01 v3.36 KOMA-Script package (handling toc-files)
(c:/Users/Mainka/AppData/Roaming/TinyTeX/texmf-dist/tex/latex/koma-script/scrbase.sty
Package: scrbase 2022/05/01 v3.36 KOMA-Script package (KOMA-Script-independent basics and keyval usage)
(c:/Users/Mainka/AppData/Roaming/TinyTeX/texmf-dist/tex/latex/koma-script/scrlfile.sty
Package: scrlfile 2022/05/01 v3.36 KOMA-Script package (file load hooks)
(c:/Users/Mainka/AppData/Roaming/TinyTeX/texmf-dist/tex/latex/koma-script/scrlfile-hook.sty
Package: scrlfile-hook 2022/05/01 v3.36 KOMA-Script package (using LaTeX hooks)
(c:/Users/Mainka/AppData/Roaming/TinyTeX/texmf-dist/tex/latex/koma-script/scrlogo.sty
Package: scrlogo 2022/05/01 v3.36 KOMA-Script package (logo)
)))
Applying: [2021/05/01] Usage of raw or classic option list on input line 252.
Already applied: [0000/00/00] Usage of raw or classic option list on input line 368.
)
\scr@dte@tocline@numberwidth=\skip82
\scr@dte@tocline@numbox=\box123
)
Package tocbasic Info: babel extension for `nlo' omitted
(tocbasic)             because of missing \bbl@set@language on input line 187.
Package tocbasic Info: babel extension for `nls' omitted
(tocbasic)             because of missing \bbl@set@language on input line 188.
\nomlabelwidth=\dimen264
\nom@tempdim=\dimen265
\nomitemsep=\skip83
)
\@nomenclaturefile=\write4
\openout4 = `GSERmap_CG.nlo'.

Package nomencl Info: Writing nomenclature file GSERmap_CG.nlo on input line 197.
(c:/Users/Mainka/AppData/Roaming/TinyTeX/texmf-dist/tex/latex/imakeidx/imakeidx.sty
Package: imakeidx 2016/10/15 v1.3e Package for typesetting indices in a synchronous mode
)
\GSERmap_CG@idxfile=\write5
\openout5 = `GSERmap_CG.idx'.

Writing index file GSERmap_CG.idx
(c:/Users/Mainka/AppData/Roaming/TinyTeX/texmf-dist/tex/latex/tools/xspace.sty
Package: xspace 2014/10/28 v1.13 Space after command names (DPC,MH)
) (c:/Users/Mainka/AppData/Roaming/TinyTeX/texmf-dist/tex/latex/titling/titling.sty
Package: titling 2009/09/04 v2.1d maketitle typesetting
\thanksmarkwidth=\skip84
\thanksmargin=\skip85
\droptitle=\skip86
) (c:/Users/Mainka/AppData/Roaming/TinyTeX/texmf-dist/tex/latex/natbib/natbib.sty
Package: natbib 2010/09/13 8.31b (PWD, AO)
\bibhang=\skip87
\bibsep=\skip88
LaTeX Info: Redefining \cite on input line 694.
\c@NAT@ctr=\count326
) (c:/Users/Mainka/AppData/Roaming/TinyTeX/texmf-dist/tex/latex/subfig/subfig.sty
Package: subfig 2005/06/28 ver: 1.3 subfig package
(c:/Users/Mainka/AppData/Roaming/TinyTeX/texmf-dist/tex/latex/caption/caption.sty
Package: caption 2022/03/01 v3.6b Customizing captions (AR)
(c:/Users/Mainka/AppData/Roaming/TinyTeX/texmf-dist/tex/latex/caption/caption3.sty
Package: caption3 2022/03/17 v2.3b caption3 kernel (AR)
\caption@tempdima=\dimen266
\captionmargin=\dimen267
\caption@leftmargin=\dimen268
\caption@rightmargin=\dimen269
\caption@width=\dimen270
\caption@indent=\dimen271
\caption@parindent=\dimen272
\caption@hangindent=\dimen273
Package caption Info: Standard document class detected.
)
\c@caption@flags=\count327
\c@continuedfloat=\count328
Package caption Info: float package is loaded.
Package caption Info: hyperref package is loaded.
Package caption Info: longtable package is loaded.
(c:/Users/Mainka/AppData/Roaming/TinyTeX/texmf-dist/tex/latex/caption/ltcaption.sty
Package: ltcaption 2021/01/08 v1.4c longtable captions (AR)
)
Package caption Info: threeparttable package is loaded.
Package caption Info: wrapfig package is loaded.
)
\c@KVtest=\count329
\sf@farskip=\skip89
\sf@captopadj=\dimen274
\sf@capskip=\skip90
\sf@nearskip=\skip91
\c@subfigure=\count330
\c@subfigure@save=\count331
\c@lofdepth=\count332
\c@subtable=\count333
\c@subtable@save=\count334
\c@lotdepth=\count335
\sf@top=\skip92
\sf@bottom=\skip93
) (c:/Users/Mainka/AppData/Roaming/TinyTeX/texmf-dist/tex/latex/threeparttablex/threeparttablex.sty
Package: threeparttablex 2013/07/23 v0.3 by daleif
(c:/Users/Mainka/AppData/Roaming/TinyTeX/texmf-dist/tex/latex/environ/environ.sty
Package: environ 2014/05/04 v0.3 A new way to define environments
(c:/Users/Mainka/AppData/Roaming/TinyTeX/texmf-dist/tex/latex/trimspaces/trimspaces.sty
Package: trimspaces 2009/09/17 v1.1 Trim spaces around a token list
))
\TPTL@width=\skip94
) (c:/Users/Mainka/AppData/Roaming/TinyTeX/texmf-dist/tex/latex/makecell/makecell.sty
Package: makecell 2009/08/03 V0.1e Managing of Tab Column Heads and Cells
\rotheadsize=\dimen275
\c@nlinenum=\count336
\TeXr@lab=\toks44
)
   defining Unicode char U+2212 (decimal 8722)
(c:/Users/Mainka/AppData/Roaming/TinyTeX/texmf-dist/tex/latex/graphics/rotating.sty
Package: rotating 2016/08/11 v2.16d rotated objects in LaTeX
\c@r@tfl@t=\count337
\rotFPtop=\skip95
\rotFPbot=\skip96
\rot@float@box=\box124
\rot@mess@toks=\toks45
)
\cslhangindent=\skip97
\csllabelwidth=\skip98
\c@theorem=\count338
\c@lemma=\count339
\c@corollary=\count340
\c@proposition=\count341
\c@conjecture=\count342
\c@definition=\count343
\c@example=\count344
\c@exercise=\count345
\c@hypothesis=\count346
(c:/Users/Mainka/AppData/Roaming/TinyTeX/texmf-dist/tex/latex/l3backend/l3backend-pdftex.def
File: l3backend-pdftex.def 2022-04-20 L3 backend support: PDF output (pdfTeX)
\l__color_backend_stack_int=\count347
\l__pdf_internal_box=\box125
) (./GSERmap_CG.aux

LaTeX Warning: Label `eq:binom' multiply defined.


LaTeX Warning: Label `thm:tri' multiply defined.


LaTeX Warning: Label `eq:binom' multiply defined.


LaTeX Warning: Label `thm:tri' multiply defined.

)
\openout1 = `GSERmap_CG.aux'.

LaTeX Font Info:    Checking defaults for OML/cmm/m/it on input line 281.
LaTeX Font Info:    ... okay on input line 281.
LaTeX Font Info:    Checking defaults for OMS/cmsy/m/n on input line 281.
LaTeX Font Info:    ... okay on input line 281.
LaTeX Font Info:    Checking defaults for OT1/cmr/m/n on input line 281.
LaTeX Font Info:    ... okay on input line 281.
LaTeX Font Info:    Checking defaults for T1/cmr/m/n on input line 281.
LaTeX Font Info:    ... okay on input line 281.
LaTeX Font Info:    Checking defaults for TS1/cmr/m/n on input line 281.
LaTeX Font Info:    ... okay on input line 281.
LaTeX Font Info:    Checking defaults for OMX/cmex/m/n on input line 281.
LaTeX Font Info:    ... okay on input line 281.
LaTeX Font Info:    Checking defaults for U/cmr/m/n on input line 281.
LaTeX Font Info:    ... okay on input line 281.
LaTeX Font Info:    Checking defaults for PD1/pdf/m/n on input line 281.
LaTeX Font Info:    ... okay on input line 281.
LaTeX Font Info:    Checking defaults for PU/pdf/m/n on input line 281.
LaTeX Font Info:    ... okay on input line 281.
(c:/Users/Mainka/AppData/Roaming/TinyTeX/texmf-dist/tex/latex/epstopdf-pkg/epstopdf-base.sty
Package: epstopdf-base 2020-01-24 v2.11 Base part for package epstopdf
Package epstopdf-base Info: Redefining graphics rule for `.eps' on input line 485.
(c:/Users/Mainka/AppData/Roaming/TinyTeX/texmf-dist/tex/latex/latexconfig/epstopdf-sys.cfg
File: epstopdf-sys.cfg 2010/07/13 v1.3 Configuration of (r)epstopdf for TeX Live
))
Package hyperref Info: Link coloring ON on input line 281.
Package chapterbib Info: The sectionbib option changes "\chapter *" to "\section *" in \thebibliography on input line 281.
Package caption Info: Begin \AtBeginDocument code.
Package caption Info: subfig package v1.3 is loaded.
Package caption Info: rotating package is loaded.
Package caption Info: End \AtBeginDocument code.
<images/cover_1.6.pdf, id=4, 500.76888pt x 711.3185pt>
File: images/cover_1.6.pdf Graphic file (type pdf)
<use images/cover_1.6.pdf>
Package pdftex.def Info: images/cover_1.6.pdf  used on input line 285.
(pdftex.def)             Requested size: 328.06331pt x 465.99843pt.
File: images/cover_1.6.pdf Graphic file (type pdf)
<use images/cover_1.6.pdf>
Package pdftex.def Info: images/cover_1.6.pdf  used on input line 285.
(pdftex.def)             Requested size: 328.06331pt x 465.99843pt.
<images/cover_1.6.pdf, id=7, page=1, 500.76888pt x 711.3185pt>
File: images/cover_1.6.pdf Graphic file (type pdf)
<use images/cover_1.6.pdf, page 1>
Package pdftex.def Info: images/cover_1.6.pdf , page1 used on input line 285.
(pdftex.def)             Requested size: 500.76764pt x 711.31676pt.
File: images/cover_1.6.pdf Graphic file (type pdf)
<use images/cover_1.6.pdf, page 1>
Package pdftex.def Info: images/cover_1.6.pdf , page1 used on input line 285.
(pdftex.def)             Requested size: 500.98923pt x 711.63152pt.
File: images/cover_1.6.pdf Graphic file (type pdf)
<use images/cover_1.6.pdf, page 1>
Package pdftex.def Info: images/cover_1.6.pdf , page1 used on input line 285.
(pdftex.def)             Requested size: 500.98923pt x 711.63152pt.
File: images/cover_1.6.pdf Graphic file (type pdf)
<use images/cover_1.6.pdf, page 1>
Package pdftex.def Info: images/cover_1.6.pdf , page1 used on input line 285.
(pdftex.def)             Requested size: 500.98923pt x 711.63152pt.
File: images/cover_1.6.pdf Graphic file (type pdf)
<use images/cover_1.6.pdf, page 1>
Package pdftex.def Info: images/cover_1.6.pdf , page1 used on input line 285.
(pdftex.def)             Requested size: 500.98923pt x 711.63152pt.
[1

 <./images/cover_1.6.pdf>]
pdfTeX warning (ext4): destination with the same identifier (name{page.1}) has been already used, duplicate ignored
<to be read again> 
                   \relax 
l.288 \begin{titlepage}
                        [1

]
pdfTeX warning (ext4): destination with the same identifier (name{page.1}) has been already used, duplicate ignored
<to be read again> 
                   \relax 
l.303 \end{titlepage}
                      [1{c:/Users/Mainka/AppData/Roaming/TinyTeX/texmf-var/fonts/map/pdftex/updmap/pdftex.map}]
<images/CB9015EN_Copyright Disclaimer_v2.pdf, id=250, 597.31157pt x 845.19763pt>
File: images/CB9015EN_Copyright Disclaimer_v2.pdf Graphic file (type pdf)
<use images/CB9015EN_Copyright Disclaimer_v2.pdf>
Package pdftex.def Info: images/CB9015EN_Copyright Disclaimer_v2.pdf  used on input line 304.
(pdftex.def)             Requested size: 329.32443pt x 465.99504pt.
File: images/CB9015EN_Copyright Disclaimer_v2.pdf Graphic file (type pdf)
<use images/CB9015EN_Copyright Disclaimer_v2.pdf>
Package pdftex.def Info: images/CB9015EN_Copyright Disclaimer_v2.pdf  used on input line 304.
(pdftex.def)             Requested size: 329.32443pt x 465.99504pt.
<images/CB9015EN_Copyright Disclaimer_v2.pdf, id=253, page=1, 597.31157pt x 845.19763pt>
File: images/CB9015EN_Copyright Disclaimer_v2.pdf Graphic file (type pdf)
<use images/CB9015EN_Copyright Disclaimer_v2.pdf, page 1>
Package pdftex.def Info: images/CB9015EN_Copyright Disclaimer_v2.pdf , page1 used on input line 304.
(pdftex.def)             Requested size: 597.3101pt x 845.19557pt.
File: images/CB9015EN_Copyright Disclaimer_v2.pdf Graphic file (type pdf)
<use images/CB9015EN_Copyright Disclaimer_v2.pdf, page 1>
Package pdftex.def Info: images/CB9015EN_Copyright Disclaimer_v2.pdf , page1 used on input line 304.
(pdftex.def)             Requested size: 501.02739pt x 708.95523pt.
File: images/CB9015EN_Copyright Disclaimer_v2.pdf Graphic file (type pdf)
<use images/CB9015EN_Copyright Disclaimer_v2.pdf, page 1>
Package pdftex.def Info: images/CB9015EN_Copyright Disclaimer_v2.pdf , page1 used on input line 304.
(pdftex.def)             Requested size: 501.02739pt x 708.95523pt.
File: images/CB9015EN_Copyright Disclaimer_v2.pdf Graphic file (type pdf)
<use images/CB9015EN_Copyright Disclaimer_v2.pdf, page 1>
Package pdftex.def Info: images/CB9015EN_Copyright Disclaimer_v2.pdf , page1 used on input line 304.
(pdftex.def)             Requested size: 501.02739pt x 708.95523pt.

pdfTeX warning (ext4): destination with the same identifier (name{page.1}) has been already used, duplicate ignored
<to be read again> 
                   \relax 
l.304 ...ges/CB9015EN_Copyright Disclaimer_v2.pdf}
                                                  
File: images/CB9015EN_Copyright Disclaimer_v2.pdf Graphic file (type pdf)
<use images/CB9015EN_Copyright Disclaimer_v2.pdf, page 1>
Package pdftex.def Info: images/CB9015EN_Copyright Disclaimer_v2.pdf , page1 used on input line 304.
(pdftex.def)             Requested size: 501.02739pt x 708.95523pt.
[1 <./images/CB9015EN_Copyright Disclaimer_v2.pdf>]
LaTeX Font Info:    Trying to load font information for T1+lmss on input line 311.
(c:/Users/Mainka/AppData/Roaming/TinyTeX/texmf-dist/tex/latex/lm/t1lmss.fd
File: t1lmss.fd 2015/05/01 v1.6.1 Font defs for Latin Modern
) (./GSERmap_CG.toc
LaTeX Font Info:    Trying to load font information for OT1+lmr on input line 6.
(c:/Users/Mainka/AppData/Roaming/TinyTeX/texmf-dist/tex/latex/lm/ot1lmr.fd
File: ot1lmr.fd 2015/05/01 v1.6.1 Font defs for Latin Modern
)
LaTeX Font Info:    Trying to load font information for OML+lmm on input line 6.
(c:/Users/Mainka/AppData/Roaming/TinyTeX/texmf-dist/tex/latex/lm/omllmm.fd
File: omllmm.fd 2015/05/01 v1.6.1 Font defs for Latin Modern
)
LaTeX Font Info:    Trying to load font information for OMS+lmsy on input line 6.
(c:/Users/Mainka/AppData/Roaming/TinyTeX/texmf-dist/tex/latex/lm/omslmsy.fd
File: omslmsy.fd 2015/05/01 v1.6.1 Font defs for Latin Modern
)
LaTeX Font Info:    Trying to load font information for OMX+lmex on input line 6.
(c:/Users/Mainka/AppData/Roaming/TinyTeX/texmf-dist/tex/latex/lm/omxlmex.fd
File: omxlmex.fd 2015/05/01 v1.6.1 Font defs for Latin Modern
)
LaTeX Font Info:    External font `lmex10' loaded for size
(Font)              <10> on input line 6.
LaTeX Font Info:    External font `lmex10' loaded for size
(Font)              <7> on input line 6.
LaTeX Font Info:    External font `lmex10' loaded for size
(Font)              <5> on input line 6.
LaTeX Font Info:    Trying to load font information for U+msa on input line 6.
(c:/Users/Mainka/AppData/Roaming/TinyTeX/texmf-dist/tex/latex/amsfonts/umsa.fd
File: umsa.fd 2013/01/14 v3.01 AMS symbols A
)
LaTeX Font Info:    Trying to load font information for U+msb on input line 6.
(c:/Users/Mainka/AppData/Roaming/TinyTeX/texmf-dist/tex/latex/amsfonts/umsb.fd
File: umsb.fd 2013/01/14 v3.01 AMS symbols B
) [1


] [2])
\tf@toc=\write6
\openout6 = `GSERmap_CG.toc'.

[3] (./GSERmap_CG.lof)
\tf@lof=\write7
\openout7 = `GSERmap_CG.lof'.

[4

] (./GSERmap_CG.lot)
\tf@lot=\write8
\openout8 = `GSERmap_CG.lot'.

[5

] [6

] [7

] [8]
Underfull \hbox (badness 10000) in paragraph at lines 397--406

 []


Underfull \hbox (badness 10000) in paragraph at lines 407--421

 []


Underfull \hbox (badness 10000) in paragraph at lines 422--436

 []

[9

] [10]
Chapter 1.
LaTeX Font Info:    Trying to load font information for TS1+lmr on input line 467.
(c:/Users/Mainka/AppData/Roaming/TinyTeX/texmf-dist/tex/latex/lm/ts1lmr.fd
File: ts1lmr.fd 2015/05/01 v1.6.1 Font defs for Latin Modern
)
pdfTeX warning (ext4): destination with the same identifier (name{page.1}) has been already used, duplicate ignored
<to be read again> 
                   \relax 
l.472   t
         he ownership of each dataset and web service are properly [1


]
Underfull \hbox (badness 10000) in paragraph at lines 511--520

 []

[2] [3]
Chapter 2.
[4

]
Underfull \hbox (badness 5592) in paragraph at lines 607--608
[]\T1/lmr/m/n/10 Stackoverflow \T1/lmr/bx/n/10 R \T1/lmr/m/n/10 com-mu-nity: [][]$https : / / stackover^^]ow . com / questions /
 []

LaTeX Font Info:    Trying to load font information for T1+lmtt on input line 618.
(c:/Users/Mainka/AppData/Roaming/TinyTeX/texmf-dist/tex/latex/lm/t1lmtt.fd
File: t1lmtt.fd 2015/05/01 v1.6.1 Font defs for Latin Modern
) [5] [6] [7] [8]
Underfull \hbox (badness 1817) in paragraph at lines 712--713
[]\T1/lmr/m/n/10 We may want to use these data in other GIS en-vi-ron-ments such as
 []


Underfull \hbox (badness 1320) in paragraph at lines 712--713
\T1/lmr/m/n/10 Ar-cGIS, QGIS, SAGA GIS, etc. This means we need to ex-port the
 []

LaTeX Font Info:    Trying to load font information for TS1+lmtt on input line 721.
(c:/Users/Mainka/AppData/Roaming/TinyTeX/texmf-dist/tex/latex/lm/ts1lmtt.fd
File: ts1lmtt.fd 2015/05/01 v1.6.1 Font defs for Latin Modern
) [9]
LaTeX Font Info:    Font shape `T1/lmtt/bx/n' in size <10> not available
(Font)              Font shape `T1/lmtt/b/n' tried instead on input line 748.
[10] [11]
Chapter 3.
[12

]
Chapter 4.

Underfull \hbox (badness 5064) in paragraph at lines 828--828
[]\T1/lmss/bx/n/14.4 Data pro-cess-ing and com-pi-la-tion of the
 []

[13

]
Chapter 5.
[14

] [15]
Chapter 6.

pdfTeX warning (ext4): destination with the same identifier (name{thm:tri}) has been already used, duplicate ignored
<to be read again> 
                   \relax 
l.884 \protect\hypertarget{thm:tri}{}
                                     \label{thm:tri}For a right triangle, if... [16

] [17]
Chapter 7.

pdfTeX warning (ext4): destination with the same identifier (name{thm:tri}) has been already used, duplicate ignored
<to be read again> 
                   \relax 
l.917 \protect\hypertarget{thm:tri}{}
                                     \label{thm:tri}For a right triangle, if... [18

] [19]
<images/backcover.pdf, id=661, 500.76888pt x 711.3185pt>
File: images/backcover.pdf Graphic file (type pdf)
<use images/backcover.pdf>
Package pdftex.def Info: images/backcover.pdf  used on input line 941.
(pdftex.def)             Requested size: 328.06331pt x 465.99843pt.
File: images/backcover.pdf Graphic file (type pdf)
<use images/backcover.pdf>
Package pdftex.def Info: images/backcover.pdf  used on input line 941.
(pdftex.def)             Requested size: 328.06331pt x 465.99843pt.
<images/backcover.pdf, id=664, page=1, 500.76888pt x 711.3185pt>
File: images/backcover.pdf Graphic file (type pdf)
<use images/backcover.pdf, page 1>
Package pdftex.def Info: images/backcover.pdf , page1 used on input line 941.
(pdftex.def)             Requested size: 500.76764pt x 711.31676pt.
File: images/backcover.pdf Graphic file (type pdf)
<use images/backcover.pdf, page 1>
Package pdftex.def Info: images/backcover.pdf , page1 used on input line 941.
(pdftex.def)             Requested size: 500.98923pt x 711.63152pt.
[20

]
File: images/backcover.pdf Graphic file (type pdf)
<use images/backcover.pdf, page 1>
Package pdftex.def Info: images/backcover.pdf , page1 used on input line 941.
(pdftex.def)             Requested size: 500.98923pt x 711.63152pt.
File: images/backcover.pdf Graphic file (type pdf)
<use images/backcover.pdf, page 1>
Package pdftex.def Info: images/backcover.pdf , page1 used on input line 941.
(pdftex.def)             Requested size: 500.98923pt x 711.63152pt.
File: images/backcover.pdf Graphic file (type pdf)
<use images/backcover.pdf, page 1>
Package pdftex.def Info: images/backcover.pdf , page1 used on input line 941.
(pdftex.def)             Requested size: 500.98923pt x 711.63152pt.
[21 <./images/backcover.pdf>] (./GSERmap_CG.aux)

LaTeX Warning: There were multiply-defined labels.

 ) 
Here is how much of TeX's memory you used:
 18063 strings out of 480000
 301989 string characters out of 5886352
 633526 words of memory out of 5000000
 35707 multiletter control sequences out of 15000+600000
 538619 words of font info for 68 fonts, out of 8000000 for 9000
 14 hyphenation exceptions out of 8191
 110i,17n,133p,910b,614s stack positions out of 10000i,1000n,20000p,200000b,200000s
{c:/Users/Mainka/AppData/Roaming/TinyTeX/texmf-dist/fonts/enc/dvips/lm/lm-rm.enc}{c:/Users/Mainka/AppData/Roaming/TinyTeX/texmf-dist/fonts/enc/dvips/lm/lm-ec.enc}{c:/Users/Mainka/AppData/Roaming/TinyTeX/texmf-dist/fonts/enc/dvips/lm/lm-mathsy.enc}{c:/Users/Mainka/AppData/Roaming/TinyTeX/texmf-dist/fonts/enc/dvips/lm/lm-mathit.enc}{c:/Users/Mainka/AppData/Roaming/TinyTeX/texmf-dist/fonts/enc/dvips/lm/lm-mathex.enc}{c:/Users/Mainka/AppData/Roaming/TinyTeX/texmf-dist/fonts/enc/dvips/lm/lm-ts1.enc}<c:/Users/Mainka/AppData/Roaming/TinyTeX/texmf-dist/fonts/type1/public/lm/lmbx10.pfb><c:/Users/Mainka/AppData/Roaming/TinyTeX/texmf-dist/fonts/type1/public/lm/lmbx12.pfb><c:/Users/Mainka/AppData/Roaming/TinyTeX/texmf-dist/fonts/type1/public/lm/lmbx7.pfb><c:/Users/Mainka/AppData/Roaming/TinyTeX/texmf-dist/fonts/type1/public/lm/lmbxi10.pfb><c:/Users/Mainka/AppData/Roaming/TinyTeX/texmf-dist/fonts/type1/public/lm/lmex10.pfb><c:/Users/Mainka/AppData/Roaming/TinyTeX/texmf-dist/fonts/type1/public/lm/lmmi10.pfb><c:/Users/Mainka/AppData/Roaming/TinyTeX/texmf-dist/fonts/type1/public/lm/lmmi7.pfb><c:/Users/Mainka/AppData/Roaming/TinyTeX/texmf-dist/fonts/type1/public/lm/lmr10.pfb><c:/Users/Mainka/AppData/Roaming/TinyTeX/texmf-dist/fonts/type1/public/lm/lmr7.pfb><c:/Users/Mainka/AppData/Roaming/TinyTeX/texmf-dist/fonts/type1/public/lm/lmri10.pfb><c:/Users/Mainka/AppData/Roaming/TinyTeX/texmf-dist/fonts/type1/public/lm/lmssbx10.pfb><c:/Users/Mainka/AppData/Roaming/TinyTeX/texmf-dist/fonts/type1/public/lm/lmsy10.pfb><c:/Users/Mainka/AppData/Roaming/TinyTeX/texmf-dist/fonts/type1/public/lm/lmsy7.pfb><c:/Users/Mainka/AppData/Roaming/TinyTeX/texmf-dist/fonts/type1/public/lm/lmtk10.pfb><c:/Users/Mainka/AppData/Roaming/TinyTeX/texmf-dist/fonts/type1/public/lm/lmtt10.pfb><c:/Users/Mainka/AppData/Roaming/TinyTeX/texmf-dist/fonts/type1/public/lm/lmtti10.pfb>
Output written on GSERmap_CG.pdf (35 pages, 1886988 bytes).
PDF statistics:
 959 PDF objects out of 1000 (max. 8388607)
 756 compressed objects within 8 object streams
 160 named destinations out of 1000 (max. 500000)
 421 words of extra memory for PDF output out of 10000 (max. 10000000)

