This is pdfTeX, Version 3.141592653-2.6-1.40.23 (TeX Live 2021/W32TeX) (preloaded format=pdflatex 2022.3.14)  22 MAR 2022 15:54
entering extended mode
 restricted \write18 enabled.
 %&-line parsing enabled.
**GSOCmap_TR.tex
(./GSOCmap_TR.tex
LaTeX2e <2021-11-15> patch level 1
L3 programming layer <2022-02-24> (c:/Users/Mainka/AppData/Roaming/TinyTeX/texmf-dist/tex/latex/base/book.cls
Document Class: book 2021/10/04 v1.4n Standard LaTeX document class
(c:/Users/Mainka/AppData/Roaming/TinyTeX/texmf-dist/tex/latex/base/bk10.clo
File: bk10.clo 2021/10/04 v1.4n Standard LaTeX file (size option)
)
\c@part=\count185
\c@chapter=\count186
\c@section=\count187
\c@subsection=\count188
\c@subsubsection=\count189
\c@paragraph=\count190
\c@subparagraph=\count191
\c@figure=\count192
\c@table=\count193
\abovecaptionskip=\skip47
\belowcaptionskip=\skip48
\bibindent=\dimen138
) (c:/Users/Mainka/AppData/Roaming/TinyTeX/texmf-dist/tex/latex/amsmath/amsmath.sty
Package: amsmath 2021/10/15 v2.17l AMS math features
\@mathmargin=\skip49
For additional information on amsmath, use the `?' option.
(c:/Users/Mainka/AppData/Roaming/TinyTeX/texmf-dist/tex/latex/amsmath/amstext.sty
Package: amstext 2021/08/26 v2.01 AMS text
(c:/Users/Mainka/AppData/Roaming/TinyTeX/texmf-dist/tex/latex/amsmath/amsgen.sty
File: amsgen.sty 1999/11/30 v2.0 generic functions
\@emptytoks=\toks16
\ex@=\dimen139
)) (c:/Users/Mainka/AppData/Roaming/TinyTeX/texmf-dist/tex/latex/amsmath/amsbsy.sty
Package: amsbsy 1999/11/29 v1.2d Bold Symbols
\pmbraise@=\dimen140
) (c:/Users/Mainka/AppData/Roaming/TinyTeX/texmf-dist/tex/latex/amsmath/amsopn.sty
Package: amsopn 2021/08/26 v2.02 operator names
)
\inf@bad=\count194
LaTeX Info: Redefining \frac on input line 234.
\uproot@=\count195
\leftroot@=\count196
LaTeX Info: Redefining \overline on input line 399.
\classnum@=\count197
\DOTSCASE@=\count198
LaTeX Info: Redefining \ldots on input line 496.
LaTeX Info: Redefining \dots on input line 499.
LaTeX Info: Redefining \cdots on input line 620.
\Mathstrutbox@=\box50
\strutbox@=\box51
\big@size=\dimen141
LaTeX Font Info:    Redeclaring font encoding OML on input line 743.
LaTeX Font Info:    Redeclaring font encoding OMS on input line 744.
\macc@depth=\count199
\c@MaxMatrixCols=\count266
\dotsspace@=\muskip16
\c@parentequation=\count267
\dspbrk@lvl=\count268
\tag@help=\toks17
\row@=\count269
\column@=\count270
\maxfields@=\count271
\andhelp@=\toks18
\eqnshift@=\dimen142
\alignsep@=\dimen143
\tagshift@=\dimen144
\tagwidth@=\dimen145
\totwidth@=\dimen146
\lineht@=\dimen147
\@envbody=\toks19
\multlinegap=\skip50
\multlinetaggap=\skip51
\mathdisplay@stack=\toks20
LaTeX Info: Redefining \[ on input line 2938.
LaTeX Info: Redefining \] on input line 2939.
) (c:/Users/Mainka/AppData/Roaming/TinyTeX/texmf-dist/tex/latex/amsfonts/amssymb.sty
Package: amssymb 2013/01/14 v3.01 AMS font symbols
(c:/Users/Mainka/AppData/Roaming/TinyTeX/texmf-dist/tex/latex/amsfonts/amsfonts.sty
Package: amsfonts 2013/01/14 v3.01 Basic AMSFonts support
\symAMSa=\mathgroup4
\symAMSb=\mathgroup5
LaTeX Font Info:    Redeclaring math symbol \hbar on input line 98.
LaTeX Font Info:    Overwriting math alphabet `\mathfrak' in version `bold'
(Font)                  U/euf/m/n --> U/euf/b/n on input line 106.
)) (c:/Users/Mainka/AppData/Roaming/TinyTeX/texmf-dist/tex/latex/lm/lmodern.sty
Package: lmodern 2015/05/01 v1.6.1 Latin Modern Fonts
LaTeX Font Info:    Overwriting symbol font `operators' in version `normal'
(Font)                  OT1/cmr/m/n --> OT1/lmr/m/n on input line 22.
LaTeX Font Info:    Overwriting symbol font `letters' in version `normal'
(Font)                  OML/cmm/m/it --> OML/lmm/m/it on input line 23.
LaTeX Font Info:    Overwriting symbol font `symbols' in version `normal'
(Font)                  OMS/cmsy/m/n --> OMS/lmsy/m/n on input line 24.
LaTeX Font Info:    Overwriting symbol font `largesymbols' in version `normal'
(Font)                  OMX/cmex/m/n --> OMX/lmex/m/n on input line 25.
LaTeX Font Info:    Overwriting symbol font `operators' in version `bold'
(Font)                  OT1/cmr/bx/n --> OT1/lmr/bx/n on input line 26.
LaTeX Font Info:    Overwriting symbol font `letters' in version `bold'
(Font)                  OML/cmm/b/it --> OML/lmm/b/it on input line 27.
LaTeX Font Info:    Overwriting symbol font `symbols' in version `bold'
(Font)                  OMS/cmsy/b/n --> OMS/lmsy/b/n on input line 28.
LaTeX Font Info:    Overwriting symbol font `largesymbols' in version `bold'
(Font)                  OMX/cmex/m/n --> OMX/lmex/m/n on input line 29.
LaTeX Font Info:    Overwriting math alphabet `\mathbf' in version `normal'
(Font)                  OT1/cmr/bx/n --> OT1/lmr/bx/n on input line 31.
LaTeX Font Info:    Overwriting math alphabet `\mathsf' in version `normal'
(Font)                  OT1/cmss/m/n --> OT1/lmss/m/n on input line 32.
LaTeX Font Info:    Overwriting math alphabet `\mathit' in version `normal'
(Font)                  OT1/cmr/m/it --> OT1/lmr/m/it on input line 33.
LaTeX Font Info:    Overwriting math alphabet `\mathtt' in version `normal'
(Font)                  OT1/cmtt/m/n --> OT1/lmtt/m/n on input line 34.
LaTeX Font Info:    Overwriting math alphabet `\mathbf' in version `bold'
(Font)                  OT1/cmr/bx/n --> OT1/lmr/bx/n on input line 35.
LaTeX Font Info:    Overwriting math alphabet `\mathsf' in version `bold'
(Font)                  OT1/cmss/bx/n --> OT1/lmss/bx/n on input line 36.
LaTeX Font Info:    Overwriting math alphabet `\mathit' in version `bold'
(Font)                  OT1/cmr/bx/it --> OT1/lmr/bx/it on input line 37.
LaTeX Font Info:    Overwriting math alphabet `\mathtt' in version `bold'
(Font)                  OT1/cmtt/m/n --> OT1/lmtt/m/n on input line 38.
) (c:/Users/Mainka/AppData/Roaming/TinyTeX/texmf-dist/tex/generic/iftex/iftex.sty
Package: iftex 2022/02/03 v1.0f TeX engine tests
) (c:/Users/Mainka/AppData/Roaming/TinyTeX/texmf-dist/tex/latex/base/fontenc.sty
Package: fontenc 2021/04/29 v2.0v Standard LaTeX package
LaTeX Font Info:    Trying to load font information for T1+lmr on input line 112.
(c:/Users/Mainka/AppData/Roaming/TinyTeX/texmf-dist/tex/latex/lm/t1lmr.fd
File: t1lmr.fd 2015/05/01 v1.6.1 Font defs for Latin Modern
)) (c:/Users/Mainka/AppData/Roaming/TinyTeX/texmf-dist/tex/latex/base/inputenc.sty
Package: inputenc 2021/02/14 v1.3d Input encoding file
\inpenc@prehook=\toks21
\inpenc@posthook=\toks22
) (c:/Users/Mainka/AppData/Roaming/TinyTeX/texmf-dist/tex/latex/base/textcomp.sty
Package: textcomp 2020/02/02 v2.0n Standard LaTeX package
) (c:/Users/Mainka/AppData/Roaming/TinyTeX/texmf-dist/tex/latex/xcolor/xcolor.sty
Package: xcolor 2021/10/31 v2.13 LaTeX color extensions (UK)
(c:/Users/Mainka/AppData/Roaming/TinyTeX/texmf-dist/tex/latex/graphics-cfg/color.cfg
File: color.cfg 2016/01/02 v1.6 sample color configuration
)
Package xcolor Info: Driver file: pdftex.def on input line 227.
(c:/Users/Mainka/AppData/Roaming/TinyTeX/texmf-dist/tex/latex/graphics-def/pdftex.def
File: pdftex.def 2020/10/05 v1.2a Graphics/color driver for pdftex
)
Package xcolor Info: Model `cmy' substituted by `cmy0' on input line 1352.
Package xcolor Info: Model `hsb' substituted by `rgb' on input line 1356.
Package xcolor Info: Model `RGB' extended on input line 1368.
Package xcolor Info: Model `HTML' substituted by `rgb' on input line 1370.
Package xcolor Info: Model `Hsb' substituted by `hsb' on input line 1371.
Package xcolor Info: Model `tHsb' substituted by `hsb' on input line 1372.
Package xcolor Info: Model `HSB' substituted by `hsb' on input line 1373.
Package xcolor Info: Model `Gray' substituted by `gray' on input line 1374.
Package xcolor Info: Model `wave' substituted by `hsb' on input line 1375.
) (c:/Users/Mainka/AppData/Roaming/TinyTeX/texmf-dist/tex/latex/bookmark/bookmark.sty
Package: bookmark 2020-11-06 v1.29 PDF bookmarks (HO)
(c:/Users/Mainka/AppData/Roaming/TinyTeX/texmf-dist/tex/latex/hyperref/hyperref.sty
Package: hyperref 2022-02-21 v7.00n Hypertext links for LaTeX
(c:/Users/Mainka/AppData/Roaming/TinyTeX/texmf-dist/tex/generic/ltxcmds/ltxcmds.sty
Package: ltxcmds 2020-05-10 v1.25 LaTeX kernel commands for general use (HO)
) (c:/Users/Mainka/AppData/Roaming/TinyTeX/texmf-dist/tex/generic/pdftexcmds/pdftexcmds.sty
Package: pdftexcmds 2020-06-27 v0.33 Utility functions of pdfTeX for LuaTeX (HO)
(c:/Users/Mainka/AppData/Roaming/TinyTeX/texmf-dist/tex/generic/infwarerr/infwarerr.sty
Package: infwarerr 2019/12/03 v1.5 Providing info/warning/error messages (HO)
)
Package pdftexcmds Info: \pdf@primitive is available.
Package pdftexcmds Info: \pdf@ifprimitive is available.
Package pdftexcmds Info: \pdfdraftmode found.
) (c:/Users/Mainka/AppData/Roaming/TinyTeX/texmf-dist/tex/latex/graphics/keyval.sty
Package: keyval 2014/10/28 v1.15 key=value parser (DPC)
\KV@toks@=\toks23
) (c:/Users/Mainka/AppData/Roaming/TinyTeX/texmf-dist/tex/generic/kvsetkeys/kvsetkeys.sty
Package: kvsetkeys 2019/12/15 v1.18 Key value parser (HO)
) (c:/Users/Mainka/AppData/Roaming/TinyTeX/texmf-dist/tex/generic/kvdefinekeys/kvdefinekeys.sty
Package: kvdefinekeys 2019-12-19 v1.6 Define keys (HO)
) (c:/Users/Mainka/AppData/Roaming/TinyTeX/texmf-dist/tex/generic/pdfescape/pdfescape.sty
Package: pdfescape 2019/12/09 v1.15 Implements pdfTeX's escape features (HO)
) (c:/Users/Mainka/AppData/Roaming/TinyTeX/texmf-dist/tex/latex/hycolor/hycolor.sty
Package: hycolor 2020-01-27 v1.10 Color options for hyperref/bookmark (HO)
) (c:/Users/Mainka/AppData/Roaming/TinyTeX/texmf-dist/tex/latex/letltxmacro/letltxmacro.sty
Package: letltxmacro 2019/12/03 v1.6 Let assignment for LaTeX macros (HO)
) (c:/Users/Mainka/AppData/Roaming/TinyTeX/texmf-dist/tex/latex/auxhook/auxhook.sty
Package: auxhook 2019-12-17 v1.6 Hooks for auxiliary files (HO)
) (c:/Users/Mainka/AppData/Roaming/TinyTeX/texmf-dist/tex/latex/kvoptions/kvoptions.sty
Package: kvoptions 2020-10-07 v3.14 Key value format for package options (HO)
)
\@linkdim=\dimen148
\Hy@linkcounter=\count272
\Hy@pagecounter=\count273
(c:/Users/Mainka/AppData/Roaming/TinyTeX/texmf-dist/tex/latex/hyperref/pd1enc.def
File: pd1enc.def 2022-02-21 v7.00n Hyperref: PDFDocEncoding definition (HO)
Now handling font encoding PD1 ...
... no UTF-8 mapping file for font encoding PD1
) (c:/Users/Mainka/AppData/Roaming/TinyTeX/texmf-dist/tex/generic/intcalc/intcalc.sty
Package: intcalc 2019/12/15 v1.3 Expandable calculations with integers (HO)
) (c:/Users/Mainka/AppData/Roaming/TinyTeX/texmf-dist/tex/generic/etexcmds/etexcmds.sty
Package: etexcmds 2019/12/15 v1.7 Avoid name clashes with e-TeX commands (HO)
)
\Hy@SavedSpaceFactor=\count274
(c:/Users/Mainka/AppData/Roaming/TinyTeX/texmf-dist/tex/latex/hyperref/puenc.def
File: puenc.def 2022-02-21 v7.00n Hyperref: PDF Unicode definition (HO)
Now handling font encoding PU ...
... no UTF-8 mapping file for font encoding PU
)
Package hyperref Info: Option `unicode' set `true' on input line 4018.
Package hyperref Info: Hyper figures OFF on input line 4137.
Package hyperref Info: Link nesting OFF on input line 4142.
Package hyperref Info: Hyper index ON on input line 4145.
Package hyperref Info: Plain pages OFF on input line 4152.
Package hyperref Info: Backreferencing OFF on input line 4157.
Package hyperref Info: Implicit mode ON; LaTeX internals redefined.
Package hyperref Info: Bookmarks ON on input line 4390.
\c@Hy@tempcnt=\count275
(c:/Users/Mainka/AppData/Roaming/TinyTeX/texmf-dist/tex/latex/url/url.sty
\Urlmuskip=\muskip17
Package: url 2013/09/16  ver 3.4  Verb mode for urls, etc.
)
LaTeX Info: Redefining \url on input line 4749.
\XeTeXLinkMargin=\dimen149
(c:/Users/Mainka/AppData/Roaming/TinyTeX/texmf-dist/tex/generic/bitset/bitset.sty
Package: bitset 2019/12/09 v1.3 Handle bit-vector datatype (HO)
(c:/Users/Mainka/AppData/Roaming/TinyTeX/texmf-dist/tex/generic/bigintcalc/bigintcalc.sty
Package: bigintcalc 2019/12/15 v1.5 Expandable calculations on big integers (HO)
))
\Fld@menulength=\count276
\Field@Width=\dimen150
\Fld@charsize=\dimen151
Package hyperref Info: Hyper figures OFF on input line 6027.
Package hyperref Info: Link nesting OFF on input line 6032.
Package hyperref Info: Hyper index ON on input line 6035.
Package hyperref Info: backreferencing OFF on input line 6042.
Package hyperref Info: Link coloring OFF on input line 6047.
Package hyperref Info: Link coloring with OCG OFF on input line 6052.
Package hyperref Info: PDF/A mode OFF on input line 6057.
LaTeX Info: Redefining \ref on input line 6097.
LaTeX Info: Redefining \pageref on input line 6101.
(c:/Users/Mainka/AppData/Roaming/TinyTeX/texmf-dist/tex/latex/base/atbegshi-ltx.sty
Package: atbegshi-ltx 2021/01/10 v1.0c Emulation of the original atbegshi
package with kernel methods
)
\Hy@abspage=\count277
\c@Item=\count278
\c@Hfootnote=\count279
)
Package hyperref Info: Driver (autodetected): hpdftex.
(c:/Users/Mainka/AppData/Roaming/TinyTeX/texmf-dist/tex/latex/hyperref/hpdftex.def
File: hpdftex.def 2022-02-21 v7.00n Hyperref driver for pdfTeX
(c:/Users/Mainka/AppData/Roaming/TinyTeX/texmf-dist/tex/latex/base/atveryend-ltx.sty
Package: atveryend-ltx 2020/08/19 v1.0a Emulation of the original atveryend package
with kernel methods
)
\Fld@listcount=\count280
\c@bookmark@seq@number=\count281
(c:/Users/Mainka/AppData/Roaming/TinyTeX/texmf-dist/tex/latex/rerunfilecheck/rerunfilecheck.sty
Package: rerunfilecheck 2019/12/05 v1.9 Rerun checks for auxiliary files (HO)
(c:/Users/Mainka/AppData/Roaming/TinyTeX/texmf-dist/tex/generic/uniquecounter/uniquecounter.sty
Package: uniquecounter 2019/12/15 v1.4 Provide unlimited unique counter (HO)
)
Package uniquecounter Info: New unique counter `rerunfilecheck' on input line 286.
)
\Hy@SectionHShift=\skip52
) (c:/Users/Mainka/AppData/Roaming/TinyTeX/texmf-dist/tex/latex/bookmark/bkm-pdftex.def
File: bkm-pdftex.def 2020-11-06 v1.29 bookmark driver for pdfTeX (HO)
\BKM@id=\count282
)) (c:/Users/Mainka/AppData/Roaming/TinyTeX/texmf-dist/tex/latex/fancyvrb/fancyvrb.sty
Package: fancyvrb 2021/12/21 4.1b verbatim text (tvz,hv)
\FV@CodeLineNo=\count283
\FV@InFile=\read2
\FV@TabBox=\box52
\c@FancyVerbLine=\count284
\FV@StepNumber=\count285
\FV@OutFile=\write3
) (c:/Users/Mainka/AppData/Roaming/TinyTeX/texmf-dist/tex/latex/framed/framed.sty
Package: framed 2011/10/22 v 0.96: framed or shaded text with page breaks
\OuterFrameSep=\skip53
\fb@frw=\dimen152
\fb@frh=\dimen153
\FrameRule=\dimen154
\FrameSep=\dimen155
) (c:/Users/Mainka/AppData/Roaming/TinyTeX/texmf-dist/tex/latex/tools/longtable.sty
Package: longtable 2021-09-01 v4.17 Multi-page Table package (DPC)
\LTleft=\skip54
\LTright=\skip55
\LTpre=\skip56
\LTpost=\skip57
\LTchunksize=\count286
\LTcapwidth=\dimen156
\LT@head=\box53
\LT@firsthead=\box54
\LT@foot=\box55
\LT@lastfoot=\box56
\LT@gbox=\box57
\LT@cols=\count287
\LT@rows=\count288
\c@LT@tables=\count289
\c@LT@chunks=\count290
\LT@p@ftn=\toks24
) (c:/Users/Mainka/AppData/Roaming/TinyTeX/texmf-dist/tex/latex/booktabs/booktabs.sty
Package: booktabs 2020/01/12 v1.61803398 Publication quality tables
\heavyrulewidth=\dimen157
\lightrulewidth=\dimen158
\cmidrulewidth=\dimen159
\belowrulesep=\dimen160
\belowbottomsep=\dimen161
\aboverulesep=\dimen162
\abovetopsep=\dimen163
\cmidrulesep=\dimen164
\cmidrulekern=\dimen165
\defaultaddspace=\dimen166
\@cmidla=\count291
\@cmidlb=\count292
\@aboverulesep=\dimen167
\@belowrulesep=\dimen168
\@thisruleclass=\count293
\@lastruleclass=\count294
\@thisrulewidth=\dimen169
) (c:/Users/Mainka/AppData/Roaming/TinyTeX/texmf-dist/tex/latex/tools/array.sty
Package: array 2021/10/04 v2.5f Tabular extension package (FMi)
\col@sep=\dimen170
\ar@mcellbox=\box58
\extrarowheight=\dimen171
\NC@list=\toks25
\extratabsurround=\skip58
\backup@length=\skip59
\ar@cellbox=\box59
) (c:/Users/Mainka/AppData/Roaming/TinyTeX/texmf-dist/tex/latex/tools/calc.sty
Package: calc 2017/05/25 v4.3 Infix arithmetic (KKT,FJ)
\calc@Acount=\count295
\calc@Bcount=\count296
\calc@Adimen=\dimen172
\calc@Bdimen=\dimen173
\calc@Askip=\skip60
\calc@Bskip=\skip61
LaTeX Info: Redefining \setlength on input line 80.
LaTeX Info: Redefining \addtolength on input line 81.
\calc@Ccount=\count297
\calc@Cskip=\skip62
) (c:/Users/Mainka/AppData/Roaming/TinyTeX/texmf-dist/tex/latex/etoolbox/etoolbox.sty
Package: etoolbox 2020/10/05 v2.5k e-TeX tools for LaTeX (JAW)
\etb@tempcnta=\count298
) (c:/Users/Mainka/AppData/Roaming/TinyTeX/texmf-dist/tex/latex/mdwtools/footnote.sty
Package: footnote 1997/01/28 1.13 Save footnotes around boxes
\fn@notes=\box60
\fn@width=\dimen174
) (c:/Users/Mainka/AppData/Roaming/TinyTeX/texmf-dist/tex/latex/graphics/graphicx.sty
Package: graphicx 2021/09/16 v1.2d Enhanced LaTeX Graphics (DPC,SPQR)
(c:/Users/Mainka/AppData/Roaming/TinyTeX/texmf-dist/tex/latex/graphics/graphics.sty
Package: graphics 2021/03/04 v1.4d Standard LaTeX Graphics (DPC,SPQR)
(c:/Users/Mainka/AppData/Roaming/TinyTeX/texmf-dist/tex/latex/graphics/trig.sty
Package: trig 2021/08/11 v1.11 sin cos tan (DPC)
) (c:/Users/Mainka/AppData/Roaming/TinyTeX/texmf-dist/tex/latex/graphics-cfg/graphics.cfg
File: graphics.cfg 2016/06/04 v1.11 sample graphics configuration
)
Package graphics Info: Driver file: pdftex.def on input line 107.
)
\Gin@req@height=\dimen175
\Gin@req@width=\dimen176
)
\cslhangindent=\skip63
\csllabelwidth=\skip64
\cslentryspacingunit=\skip65
(c:/Users/Mainka/AppData/Roaming/TinyTeX/texmf-dist/tex/latex/amscls/amsthm.sty
Package: amsthm 2020/05/29 v2.20.6
\thm@style=\toks26
\thm@bodyfont=\toks27
\thm@headfont=\toks28
\thm@notefont=\toks29
\thm@headpunct=\toks30
\thm@preskip=\skip66
\thm@postskip=\skip67
\thm@headsep=\skip68
\dth@everypar=\toks31
) (c:/Users/Mainka/AppData/Roaming/TinyTeX/texmf-dist/tex/latex/tools/afterpage.sty
Package: afterpage 2014/10/28 v1.08 After-Page Package (DPC)
\AP@output=\toks32
\AP@partial=\box61
\AP@footins=\box62
) (c:/Users/Mainka/AppData/Roaming/TinyTeX/texmf-dist/tex/latex/sectsty/sectsty.sty
Package: sectsty 2002/02/25 v2.0.2 Commands to change all sectional heading styles

LaTeX Warning: Command \underbar  has changed.
               Check if current package is valid.


LaTeX Warning: Command \underline  has changed.
               Check if current package is valid.

)
Package hyperref Info: Option `colorlinks' set `true' on input line 179.
(c:/Users/Mainka/AppData/Roaming/TinyTeX/texmf-dist/tex/latex/fancyhdr/fancyhdr.sty
Package: fancyhdr 2021/01/28 v4.0.1 Extensive control of page headers and footers
\f@nch@headwidth=\skip69
\f@nch@O@elh=\skip70
\f@nch@O@erh=\skip71
\f@nch@O@olh=\skip72
\f@nch@O@orh=\skip73
\f@nch@O@elf=\skip74
\f@nch@O@erf=\skip75
\f@nch@O@olf=\skip76
\f@nch@O@orf=\skip77
) (c:/Users/Mainka/AppData/Roaming/TinyTeX/texmf-dist/tex/latex/pdfpages/pdfpages.sty
Package: pdfpages 2022/01/29 v0.5u Insert pages of external PDF documents (AM)
(c:/Users/Mainka/AppData/Roaming/TinyTeX/texmf-dist/tex/latex/base/ifthen.sty
Package: ifthen 2020/11/24 v1.1c Standard LaTeX ifthen package (DPC)
) (c:/Users/Mainka/AppData/Roaming/TinyTeX/texmf-dist/tex/latex/eso-pic/eso-pic.sty
Package: eso-pic 2020/10/14 v3.0a eso-pic (RN)
\ESO@tempdima=\dimen177
\ESO@tempdimb=\dimen178
)
\AM@pagewidth=\dimen179
\AM@pageheight=\dimen180
\AM@fboxrule=\dimen181
(c:/Users/Mainka/AppData/Roaming/TinyTeX/texmf-dist/tex/latex/pdfpages/pppdftex.def
File: pppdftex.def 2022/01/29 v0.5u Pdfpages driver for pdfTeX (AM)
)
\pdfpages@includegraphics@status=\count299
\AM@pagebox=\box63
\AM@global@opts=\toks33
\AM@pagecnt=\count300
\AM@toc@title=\toks34
\c@AM@survey=\count301
\AM@templatesizebox=\box64
)

Package fancyhdr Warning: \fancyhead's `E' option without twoside option is useless on input line 191.


Package fancyhdr Warning: \fancyhead's `E' option without twoside option is useless on input line 193.

(c:/Users/Mainka/AppData/Roaming/TinyTeX/texmf-dist/tex/latex/tools/multicol.sty
Package: multicol 2021/10/28 v1.9b multicolumn formatting (FMi)
\c@tracingmulticols=\count302
\mult@box=\box65
\multicol@leftmargin=\dimen182
\c@unbalance=\count303
\c@collectmore=\count304
\doublecol@number=\count305
\multicoltolerance=\count306
\multicolpretolerance=\count307
\full@width=\dimen183
\page@free=\dimen184
\premulticols=\dimen185
\postmulticols=\dimen186
\multicolsep=\skip78
\multicolbaselineskip=\skip79
\partial@page=\box66
\last@line=\box67
\maxbalancingoverflow=\dimen187
\mult@rightbox=\box68
\mult@grightbox=\box69
\mult@firstbox=\box70
\mult@gfirstbox=\box71
\@tempa=\box72
\@tempa=\box73
\@tempa=\box74
\@tempa=\box75
\@tempa=\box76
\@tempa=\box77
\@tempa=\box78
\@tempa=\box79
\@tempa=\box80
\@tempa=\box81
\@tempa=\box82
\@tempa=\box83
\@tempa=\box84
\@tempa=\box85
\@tempa=\box86
\@tempa=\box87
\@tempa=\box88
\@tempa=\box89
\@tempa=\box90
\@tempa=\box91
\@tempa=\box92
\@tempa=\box93
\@tempa=\box94
\@tempa=\box95
\@tempa=\box96
\@tempa=\box97
\@tempa=\box98
\@tempa=\box99
\@tempa=\box100
\@tempa=\box101
\@tempa=\box102
\@tempa=\box103
\@tempa=\box104
\@tempa=\box105
\@tempa=\box106
\@tempa=\box107
\c@minrows=\count308
\c@columnbadness=\count309
\c@finalcolumnbadness=\count310
\last@try=\dimen188
\multicolovershoot=\dimen189
\multicolundershoot=\dimen190
\mult@nat@firstbox=\box108
\colbreak@box=\box109
\mc@col@check@num=\count311
) (c:/Users/Mainka/AppData/Roaming/TinyTeX/texmf-dist/tex/latex/multirow/multirow.sty
Package: multirow 2021/03/15 v2.8 Span multiple rows of a table
\multirow@colwidth=\skip80
\multirow@cntb=\count312
\multirow@dima=\skip81
\bigstrutjot=\dimen191
) (c:/Users/Mainka/AppData/Roaming/TinyTeX/texmf-dist/tex/latex/wrapfig/wrapfig.sty
\wrapoverhang=\dimen192
\WF@size=\dimen193
\c@WF@wrappedlines=\count313
\WF@box=\box110
\WF@everypar=\toks35
Package: wrapfig 2003/01/31  v 3.6
) (c:/Users/Mainka/AppData/Roaming/TinyTeX/texmf-dist/tex/latex/float/float.sty
Package: float 2001/11/08 v1.3d Float enhancements (AL)
\c@float@type=\count314
\float@exts=\toks36
\float@box=\box111
\@float@everytoks=\toks37
\@floatcapt=\box112
) (c:/Users/Mainka/AppData/Roaming/TinyTeX/texmf-dist/tex/latex/colortbl/colortbl.sty
Package: colortbl 2020/01/04 v1.0e Color table columns (DPC)
\everycr=\toks38
\minrowclearance=\skip82
) (c:/Users/Mainka/AppData/Roaming/TinyTeX/texmf-dist/tex/latex/pdflscape/pdflscape.sty
Package: pdflscape 2019/12/05 v0.12 Display of landscape pages in PDF (HO)
(c:/Users/Mainka/AppData/Roaming/TinyTeX/texmf-dist/tex/latex/graphics/lscape.sty
Package: lscape 2020/05/28 v3.02 Landscape Pages (DPC)
)
Package pdflscape Info: Auto-detected driver: pdftex on input line 81.
) (c:/Users/Mainka/AppData/Roaming/TinyTeX/texmf-dist/tex/latex/tabu/tabu.sty
Package: tabu 2019/01/11 v2.9 - flexible LaTeX tabulars (FC+tabu-fixed)
(c:/Users/Mainka/AppData/Roaming/TinyTeX/texmf-dist/tex/latex/varwidth/varwidth.sty
Package: varwidth 2009/03/30 ver 0.92;  Variable-width minipages
\@vwid@box=\box113
\sift@deathcycles=\count315
\@vwid@loff=\dimen194
\@vwid@roff=\dimen195
)
\c@taburow=\count316
\tabu@nbcols=\count317
\tabu@cnt=\count318
\tabu@Xcol=\count319
\tabu@alloc=\count320
\tabu@nested=\count321
\tabu@target=\dimen196
\tabu@spreadtarget=\dimen197
\tabu@naturalX=\dimen198
\tabucolX=\dimen199
\tabu@Xsum=\dimen256
\extrarowdepth=\dimen257
\abovetabulinesep=\dimen258
\belowtabulinesep=\dimen259
\tabustrutrule=\dimen260
\tabu@thebody=\toks39
\tabu@footnotes=\toks40
\tabu@box=\box114
\tabu@arstrutbox=\box115
\tabu@hleads=\box116
\tabu@vleads=\box117
\tabu@cellskip=\skip83
) (c:/Users/Mainka/AppData/Roaming/TinyTeX/texmf-dist/tex/latex/threeparttable/threeparttable.sty
Package: threeparttable 2003/06/13  v 3.0
\@tempboxb=\box118
) (c:/Users/Mainka/AppData/Roaming/TinyTeX/texmf-dist/tex/generic/ulem/ulem.sty
\UL@box=\box119
\UL@hyphenbox=\box120
\UL@skip=\skip84
\UL@hook=\toks41
\UL@height=\dimen261
\UL@pe=\count322
\UL@pixel=\dimen262
\ULC@box=\box121
Package: ulem 2019/11/18
\ULdepth=\dimen263
) (c:/Users/Mainka/AppData/Roaming/TinyTeX/texmf-dist/tex/latex/emptypage/emptypage.sty
Package: emptypage 2010/05/30 v1.2 Suppress page numbers and headings on empty pages
) (c:/Users/Mainka/AppData/Roaming/TinyTeX/texmf-dist/tex/latex/cite/chapterbib.sty
\c@inputfile=\count323
Package: chapterbib 2010/09/18  v 1.17
) (c:/Users/Mainka/AppData/Roaming/TinyTeX/texmf-dist/tex/latex/nomencl/nomencl.sty
Package: nomencl 2021/11/10 v5.6 Nomenclature package
(c:/Users/Mainka/AppData/Roaming/TinyTeX/texmf-dist/tex/latex/xkeyval/xkeyval.sty
Package: xkeyval 2020/11/20 v2.8 package option processing (HA)
(c:/Users/Mainka/AppData/Roaming/TinyTeX/texmf-dist/tex/generic/xkeyval/xkeyval.tex (c:/Users/Mainka/AppData/Roaming/TinyTeX/texmf-dist/tex/generic/xkeyval/xkvutils.tex
\XKV@toks=\toks42
\XKV@tempa@toks=\toks43
)
\XKV@depth=\count324
File: xkeyval.tex 2014/12/03 v2.7a key=value parser (HA)
)) (c:/Users/Mainka/AppData/Roaming/TinyTeX/texmf-dist/tex/latex/koma-script/tocbasic.sty
Package: tocbasic 2021/11/13 v3.35 KOMA-Script package (handling toc-files)
(c:/Users/Mainka/AppData/Roaming/TinyTeX/texmf-dist/tex/latex/koma-script/scrbase.sty
Package: scrbase 2021/11/13 v3.35 KOMA-Script package (KOMA-Script-independent basics and keyval usage)
(c:/Users/Mainka/AppData/Roaming/TinyTeX/texmf-dist/tex/latex/koma-script/scrlfile.sty
Package: scrlfile 2021/11/13 v3.35 KOMA-Script package (file load hooks)
(c:/Users/Mainka/AppData/Roaming/TinyTeX/texmf-dist/tex/latex/koma-script/scrlfile-hook.sty
Package: scrlfile-hook 2021/11/13 v3.35 KOMA-Script package (using LaTeX hooks)
(c:/Users/Mainka/AppData/Roaming/TinyTeX/texmf-dist/tex/latex/koma-script/scrlogo.sty
Package: scrlogo 2021/11/13 v3.35 KOMA-Script package (logo)
)))
Applying: [2021/05/01] Usage of raw or classic option list on input line 252.
Already applied: [0000/00/00] Usage of raw or classic option list on input line 368.
)
\scr@dte@tocline@numberwidth=\skip85
\scr@dte@tocline@numbox=\box122
)
Package tocbasic Info: babel extension for `nlo' omitted
(tocbasic)             because of missing \bbl@set@language on input line 187.
Package tocbasic Info: babel extension for `nls' omitted
(tocbasic)             because of missing \bbl@set@language on input line 188.
\nomlabelwidth=\dimen264
\nom@tempdim=\dimen265
\nomitemsep=\skip86
)
\@nomenclaturefile=\write4
\openout4 = `GSOCmap_TR.nlo'.

Package nomencl Info: Writing nomenclature file GSOCmap_TR.nlo on input line 220.
(c:/Users/Mainka/AppData/Roaming/TinyTeX/texmf-dist/tex/latex/imakeidx/imakeidx.sty
Package: imakeidx 2016/10/15 v1.3e Package for typesetting indices in a synchronous mode
(c:/Users/Mainka/AppData/Roaming/TinyTeX/texmf-dist/tex/generic/iftex/ifxetex.sty
Package: ifxetex 2019/10/25 v0.7 ifxetex legacy package. Use iftex instead.
) (c:/Users/Mainka/AppData/Roaming/TinyTeX/texmf-dist/tex/generic/iftex/ifluatex.sty
Package: ifluatex 2019/10/25 v1.5 ifluatex legacy package. Use iftex instead.
))
\GSOCmap_TR@idxfile=\write5
\openout5 = `GSOCmap_TR.idx'.

Writing index file GSOCmap_TR.idx
(c:/Users/Mainka/AppData/Roaming/TinyTeX/texmf-dist/tex/latex/tools/xspace.sty
Package: xspace 2014/10/28 v1.13 Space after command names (DPC,MH)
) (c:/Users/Mainka/AppData/Roaming/TinyTeX/texmf-dist/tex/latex/titling/titling.sty
Package: titling 2009/09/04 v2.1d maketitle typesetting
\thanksmarkwidth=\skip87
\thanksmargin=\skip88
\droptitle=\skip89
) (c:/Users/Mainka/AppData/Roaming/TinyTeX/texmf-dist/tex/latex/natbib/natbib.sty
Package: natbib 2010/09/13 8.31b (PWD, AO)
\bibhang=\skip90
\bibsep=\skip91
LaTeX Info: Redefining \cite on input line 694.
\c@NAT@ctr=\count325
) (c:/Users/Mainka/AppData/Roaming/TinyTeX/texmf-dist/tex/latex/subfig/subfig.sty
Package: subfig 2005/06/28 ver: 1.3 subfig package
(c:/Users/Mainka/AppData/Roaming/TinyTeX/texmf-dist/tex/latex/caption/caption.sty
Package: caption 2022/02/28 v3.6a Customizing captions (AR)
(c:/Users/Mainka/AppData/Roaming/TinyTeX/texmf-dist/tex/latex/caption/caption3.sty
Package: caption3 2022/02/28 v2.3a caption3 kernel (AR)
\caption@tempdima=\dimen266
\captionmargin=\dimen267
\caption@leftmargin=\dimen268
\caption@rightmargin=\dimen269
\caption@width=\dimen270
\caption@indent=\dimen271
\caption@parindent=\dimen272
\caption@hangindent=\dimen273
Package caption Info: Standard document class detected.
)
\c@caption@flags=\count326
\c@continuedfloat=\count327
Package caption Info: float package is loaded.
Package caption Info: hyperref package is loaded.
Package caption Info: longtable package is loaded.
(c:/Users/Mainka/AppData/Roaming/TinyTeX/texmf-dist/tex/latex/caption/ltcaption.sty
Package: ltcaption 2021/01/08 v1.4c longtable captions (AR)
)
Package caption Info: threeparttable package is loaded.
Package caption Info: wrapfig package is loaded.
)
\c@KVtest=\count328
\sf@farskip=\skip92
\sf@captopadj=\dimen274
\sf@capskip=\skip93
\sf@nearskip=\skip94
\c@subfigure=\count329
\c@subfigure@save=\count330
\c@lofdepth=\count331
\c@subtable=\count332
\c@subtable@save=\count333
\c@lotdepth=\count334
\sf@top=\skip95
\sf@bottom=\skip96
) (c:/Users/Mainka/AppData/Roaming/TinyTeX/texmf-dist/tex/latex/threeparttablex/threeparttablex.sty
Package: threeparttablex 2013/07/23 v0.3 by daleif
(c:/Users/Mainka/AppData/Roaming/TinyTeX/texmf-dist/tex/latex/environ/environ.sty
Package: environ 2014/05/04 v0.3 A new way to define environments
(c:/Users/Mainka/AppData/Roaming/TinyTeX/texmf-dist/tex/latex/trimspaces/trimspaces.sty
Package: trimspaces 2009/09/17 v1.1 Trim spaces around a token list
))
\TPTL@width=\skip97
) (c:/Users/Mainka/AppData/Roaming/TinyTeX/texmf-dist/tex/latex/makecell/makecell.sty
Package: makecell 2009/08/03 V0.1e Managing of Tab Column Heads and Cells
\rotheadsize=\dimen275
\c@nlinenum=\count335
\TeXr@lab=\toks44
)
   defining Unicode char U+2212 (decimal 8722)
(c:/Users/Mainka/AppData/Roaming/TinyTeX/texmf-dist/tex/latex/graphics/rotating.sty
Package: rotating 2016/08/11 v2.16d rotated objects in LaTeX
\c@r@tfl@t=\count336
\rotFPtop=\skip98
\rotFPbot=\skip99
\rot@float@box=\box123
\rot@mess@toks=\toks45
) (c:/Users/Mainka/AppData/Roaming/TinyTeX/texmf-dist/tex/latex/l3backend/l3backend-pdftex.def
File: l3backend-pdftex.def 2022-02-07 L3 backend support: PDF output (pdfTeX)
\l__color_backend_stack_int=\count337
\l__pdf_internal_box=\box124
) (./GSOCmap_TR.aux

LaTeX Warning: Label `tab:unnamed-chunk-2' multiply defined.


LaTeX Warning: Label `tab:unnamed-chunk-2' multiply defined.


LaTeX Warning: Label `tab:unnamed-chunk-2' multiply defined.


LaTeX Warning: Label `tab:unnamed-chunk-2' multiply defined.


LaTeX Warning: Label `tab:unnamed-chunk-2' multiply defined.

)
\openout1 = `GSOCmap_TR.aux'.

LaTeX Font Info:    Checking defaults for OML/cmm/m/it on input line 267.
LaTeX Font Info:    ... okay on input line 267.
LaTeX Font Info:    Checking defaults for OMS/cmsy/m/n on input line 267.
LaTeX Font Info:    ... okay on input line 267.
LaTeX Font Info:    Checking defaults for OT1/cmr/m/n on input line 267.
LaTeX Font Info:    ... okay on input line 267.
LaTeX Font Info:    Checking defaults for T1/cmr/m/n on input line 267.
LaTeX Font Info:    ... okay on input line 267.
LaTeX Font Info:    Checking defaults for TS1/cmr/m/n on input line 267.
LaTeX Font Info:    ... okay on input line 267.
LaTeX Font Info:    Checking defaults for OMX/cmex/m/n on input line 267.
LaTeX Font Info:    ... okay on input line 267.
LaTeX Font Info:    Checking defaults for U/cmr/m/n on input line 267.
LaTeX Font Info:    ... okay on input line 267.
LaTeX Font Info:    Checking defaults for PD1/pdf/m/n on input line 267.
LaTeX Font Info:    ... okay on input line 267.
LaTeX Font Info:    Checking defaults for PU/pdf/m/n on input line 267.
LaTeX Font Info:    ... okay on input line 267.
(c:/Users/Mainka/AppData/Roaming/TinyTeX/texmf-dist/tex/latex/epstopdf-pkg/epstopdf-base.sty
Package: epstopdf-base 2020-01-24 v2.11 Base part for package epstopdf
Package epstopdf-base Info: Redefining graphics rule for `.eps' on input line 485.
(c:/Users/Mainka/AppData/Roaming/TinyTeX/texmf-dist/tex/latex/latexconfig/epstopdf-sys.cfg
File: epstopdf-sys.cfg 2010/07/13 v1.3 Configuration of (r)epstopdf for TeX Live
))
Package hyperref Info: Link coloring ON on input line 267.
(c:/Users/Mainka/AppData/Roaming/TinyTeX/texmf-dist/tex/latex/hyperref/nameref.sty
Package: nameref 2021-04-02 v2.47 Cross-referencing by name of section
(c:/Users/Mainka/AppData/Roaming/TinyTeX/texmf-dist/tex/latex/refcount/refcount.sty
Package: refcount 2019/12/15 v3.6 Data extraction from label references (HO)
) (c:/Users/Mainka/AppData/Roaming/TinyTeX/texmf-dist/tex/generic/gettitlestring/gettitlestring.sty
Package: gettitlestring 2019/12/15 v1.6 Cleanup title references (HO)
)
\c@section@level=\count338
)
LaTeX Info: Redefining \ref on input line 267.
LaTeX Info: Redefining \pageref on input line 267.
LaTeX Info: Redefining \nameref on input line 267.
Package chapterbib Info: The sectionbib option changes "\chapter *" to "\section *" in \thebibliography on input line 267.
Package caption Info: Begin \AtBeginDocument code.
Package caption Info: subfig package v1.3 is loaded.
Package caption Info: rotating package is loaded.
Package caption Info: End \AtBeginDocument code.
<images/cover_1.6.pdf, id=4, 500.76888pt x 711.3185pt>
File: images/cover_1.6.pdf Graphic file (type pdf)
<use images/cover_1.6.pdf>
Package pdftex.def Info: images/cover_1.6.pdf  used on input line 271.
(pdftex.def)             Requested size: 328.06331pt x 465.99843pt.
File: images/cover_1.6.pdf Graphic file (type pdf)
<use images/cover_1.6.pdf>
Package pdftex.def Info: images/cover_1.6.pdf  used on input line 271.
(pdftex.def)             Requested size: 328.06331pt x 465.99843pt.
<images/cover_1.6.pdf, id=7, page=1, 500.76888pt x 711.3185pt>
File: images/cover_1.6.pdf Graphic file (type pdf)
<use images/cover_1.6.pdf, page 1>
Package pdftex.def Info: images/cover_1.6.pdf , page1 used on input line 271.
(pdftex.def)             Requested size: 500.76764pt x 711.31676pt.
File: images/cover_1.6.pdf Graphic file (type pdf)
<use images/cover_1.6.pdf, page 1>
Package pdftex.def Info: images/cover_1.6.pdf , page1 used on input line 271.
(pdftex.def)             Requested size: 500.98923pt x 711.63152pt.
File: images/cover_1.6.pdf Graphic file (type pdf)
<use images/cover_1.6.pdf, page 1>
Package pdftex.def Info: images/cover_1.6.pdf , page1 used on input line 271.
(pdftex.def)             Requested size: 500.98923pt x 711.63152pt.
File: images/cover_1.6.pdf Graphic file (type pdf)
<use images/cover_1.6.pdf, page 1>
Package pdftex.def Info: images/cover_1.6.pdf , page1 used on input line 271.
(pdftex.def)             Requested size: 500.98923pt x 711.63152pt.
File: images/cover_1.6.pdf Graphic file (type pdf)
<use images/cover_1.6.pdf, page 1>
Package pdftex.def Info: images/cover_1.6.pdf , page1 used on input line 271.
(pdftex.def)             Requested size: 500.98923pt x 711.63152pt.
[1

 <./images/cover_1.6.pdf>]pdfTeX warning (ext4): destination with the same identifier (name{page.1}) has been already used, duplicate ignored
<to be read again> 
                   \relax 
l.274 \begin{titlepage}
                        [1

]pdfTeX warning (ext4): destination with the same identifier (name{page.1}) has been already used, duplicate ignored
<to be read again> 
                   \relax 
l.289 \end{titlepage}
                      [1{c:/Users/Mainka/AppData/Roaming/TinyTeX/texmf-var/fonts/map/pdftex/updmap/pdftex.map}]
<images/CB9015EN_Copyright Disclaimer_v2.pdf, id=250, 597.31157pt x 845.19763pt>
File: images/CB9015EN_Copyright Disclaimer_v2.pdf Graphic file (type pdf)
<use images/CB9015EN_Copyright Disclaimer_v2.pdf>
Package pdftex.def Info: images/CB9015EN_Copyright Disclaimer_v2.pdf  used on input line 290.
(pdftex.def)             Requested size: 329.32443pt x 465.99504pt.
File: images/CB9015EN_Copyright Disclaimer_v2.pdf Graphic file (type pdf)
<use images/CB9015EN_Copyright Disclaimer_v2.pdf>
Package pdftex.def Info: images/CB9015EN_Copyright Disclaimer_v2.pdf  used on input line 290.
(pdftex.def)             Requested size: 329.32443pt x 465.99504pt.
<images/CB9015EN_Copyright Disclaimer_v2.pdf, id=253, page=1, 597.31157pt x 845.19763pt>
File: images/CB9015EN_Copyright Disclaimer_v2.pdf Graphic file (type pdf)
<use images/CB9015EN_Copyright Disclaimer_v2.pdf, page 1>
Package pdftex.def Info: images/CB9015EN_Copyright Disclaimer_v2.pdf , page1 used on input line 290.
(pdftex.def)             Requested size: 597.3101pt x 845.19557pt.
File: images/CB9015EN_Copyright Disclaimer_v2.pdf Graphic file (type pdf)
<use images/CB9015EN_Copyright Disclaimer_v2.pdf, page 1>
Package pdftex.def Info: images/CB9015EN_Copyright Disclaimer_v2.pdf , page1 used on input line 290.
(pdftex.def)             Requested size: 501.02739pt x 708.95523pt.
File: images/CB9015EN_Copyright Disclaimer_v2.pdf Graphic file (type pdf)
<use images/CB9015EN_Copyright Disclaimer_v2.pdf, page 1>
Package pdftex.def Info: images/CB9015EN_Copyright Disclaimer_v2.pdf , page1 used on input line 290.
(pdftex.def)             Requested size: 501.02739pt x 708.95523pt.
File: images/CB9015EN_Copyright Disclaimer_v2.pdf Graphic file (type pdf)
<use images/CB9015EN_Copyright Disclaimer_v2.pdf, page 1>
Package pdftex.def Info: images/CB9015EN_Copyright Disclaimer_v2.pdf , page1 used on input line 290.
(pdftex.def)             Requested size: 501.02739pt x 708.95523pt.
pdfTeX warning (ext4): destination with the same identifier (name{page.1}) has been already used, duplicate ignored
<to be read again> 
                   \relax 
l.290 ...ges/CB9015EN_Copyright Disclaimer_v2.pdf}
                                                  
File: images/CB9015EN_Copyright Disclaimer_v2.pdf Graphic file (type pdf)
<use images/CB9015EN_Copyright Disclaimer_v2.pdf, page 1>
Package pdftex.def Info: images/CB9015EN_Copyright Disclaimer_v2.pdf , page1 used on input line 290.
(pdftex.def)             Requested size: 501.02739pt x 708.95523pt.
[1 <./images/CB9015EN_Copyright Disclaimer_v2.pdf>]
LaTeX Font Info:    Trying to load font information for T1+lmss on input line 297.
(c:/Users/Mainka/AppData/Roaming/TinyTeX/texmf-dist/tex/latex/lm/t1lmss.fd
File: t1lmss.fd 2015/05/01 v1.6.1 Font defs for Latin Modern
) (./GSOCmap_TR.toc
LaTeX Font Info:    Trying to load font information for OT1+lmr on input line 6.
(c:/Users/Mainka/AppData/Roaming/TinyTeX/texmf-dist/tex/latex/lm/ot1lmr.fd
File: ot1lmr.fd 2015/05/01 v1.6.1 Font defs for Latin Modern
)
LaTeX Font Info:    Trying to load font information for OML+lmm on input line 6.
(c:/Users/Mainka/AppData/Roaming/TinyTeX/texmf-dist/tex/latex/lm/omllmm.fd
File: omllmm.fd 2015/05/01 v1.6.1 Font defs for Latin Modern
)
LaTeX Font Info:    Trying to load font information for OMS+lmsy on input line 6.
(c:/Users/Mainka/AppData/Roaming/TinyTeX/texmf-dist/tex/latex/lm/omslmsy.fd
File: omslmsy.fd 2015/05/01 v1.6.1 Font defs for Latin Modern
)
LaTeX Font Info:    Trying to load font information for OMX+lmex on input line 6.
(c:/Users/Mainka/AppData/Roaming/TinyTeX/texmf-dist/tex/latex/lm/omxlmex.fd
File: omxlmex.fd 2015/05/01 v1.6.1 Font defs for Latin Modern
)
LaTeX Font Info:    External font `lmex10' loaded for size
(Font)              <10> on input line 6.
LaTeX Font Info:    External font `lmex10' loaded for size
(Font)              <7> on input line 6.
LaTeX Font Info:    External font `lmex10' loaded for size
(Font)              <5> on input line 6.
LaTeX Font Info:    Trying to load font information for U+msa on input line 6.
(c:/Users/Mainka/AppData/Roaming/TinyTeX/texmf-dist/tex/latex/amsfonts/umsa.fd
File: umsa.fd 2013/01/14 v3.01 AMS symbols A
)
LaTeX Font Info:    Trying to load font information for U+msb on input line 6.
(c:/Users/Mainka/AppData/Roaming/TinyTeX/texmf-dist/tex/latex/amsfonts/umsb.fd
File: umsb.fd 2013/01/14 v3.01 AMS symbols B
) [1


] [2] [3] [4] [5] [6] [7] [8] [9] [10])
\tf@toc=\write6
\openout6 = `GSOCmap_TR.toc'.

[11] (./GSOCmap_TR.lof [12

])
\tf@lof=\write7
\openout7 = `GSOCmap_TR.lof'.

[13] (./GSOCmap_TR.lot)
\tf@lot=\write8
\openout8 = `GSOCmap_TR.lot'.

[14

]
Underfull \hbox (badness 10000) in paragraph at lines 306--339

 []

[15

] [16] [17

] [18]
Underfull \hbox (badness 10000) in paragraph at lines 417--426

 []


Underfull \hbox (badness 10000) in paragraph at lines 427--441

 []


Underfull \hbox (badness 10000) in paragraph at lines 442--456

 []

[19

] [20]
Chapter 1.

Underfull \hbox (badness 10000) in paragraph at lines 467--516

 []

pdfTeX warning (ext4): destination with the same identifier (name{page.1}) has been already used, duplicate ignored
<to be read again> 
                   \relax 
l.516 
       [1


] [2]
LaTeX Font Info:    Trying to load font information for TS1+lmr on input line 552.
(c:/Users/Mainka/AppData/Roaming/TinyTeX/texmf-dist/tex/latex/lm/ts1lmr.fd
File: ts1lmr.fd 2015/05/01 v1.6.1 Font defs for Latin Modern
) [3] [4]
Underfull \hbox (badness 10000) in paragraph at lines 638--647

 []

[5] [6]
Chapter 2.

Underfull \hbox (badness 10000) in paragraph at lines 686--695

 []

<images/Trainings_map.jpg, id=981, 2297.58376pt x 1128.215pt>
File: images/Trainings_map.jpg Graphic file (type jpg)
<use images/Trainings_map.jpg>
Package pdftex.def Info: images/Trainings_map.jpg  used on input line 697.
(pdftex.def)             Requested size: 341.43239pt x 167.65837pt.
[7

]
Underfull \hbox (badness 10000) in paragraph at lines 700--718

 []

[8 <./images/Trainings_map.jpg>] [9]
LaTeX Font Info:    External font `lmex10' loaded for size
(Font)              <8> on input line 791.
LaTeX Font Info:    External font `lmex10' loaded for size
(Font)              <6> on input line 791.

Underfull \hbox (badness 10000) in paragraph at lines 787--793

 []


Underfull \hbox (badness 10000) in paragraph at lines 803--815

 []

[10] [11]
Overfull \hbox (14.95935pt too wide) in alignment at lines 818--823
 [] [] [] 
 []


Overfull \hbox (14.95935pt too wide) in alignment at lines 823--828
 [] [] [] 
 []


Overfull \hbox (14.95935pt too wide) in alignment at lines 828--830
 [] [] [] 
 []


Overfull \hbox (14.95935pt too wide) in alignment at lines 830--832
 [] [] [] 
 []


Overfull \hbox (14.95935pt too wide) in alignment at lines 832--1057
 [] [] [] 
 []

[12] [13] [14] [15] [16] [17]
Chapter 3.

Underfull \hbox (badness 1082) in paragraph at lines 1080--1082
[]\T1/lmr/m/n/10 mapping/upscaling: var-i-ous ap-proaches pos-si-ble (in-clud-ing country-
 []

[18

] [19] [20]
Chapter 4.
<images/Mapoptions2.png, id=1063, 1708.13156pt x 992.20688pt>
File: images/Mapoptions2.png Graphic file (type png)
<use images/Mapoptions2.png>
Package pdftex.def Info: images/Mapoptions2.png  used on input line 1187.
(pdftex.def)             Requested size: 344.98251pt x 200.3909pt.
[21

] [22 <./images/Mapoptions2.png>] [23] [24]
Underfull \hbox (badness 5064) in paragraph at lines 1320--1320
[]\T1/lmss/bx/n/14.4 Data pro-cess-ing and com-pi-la-tion of the
 []

[25]
Chapter 5.
<images/Meta1.png, id=1114, 789.6702pt x 312.9291pt>
File: images/Meta1.png Graphic file (type png)
<use images/Meta1.png>
Package pdftex.def Info: images/Meta1.png  used on input line 1376.
(pdftex.def)             Requested size: 341.43126pt x 135.30176pt.
[26

]
<images/Meta2.png, id=1123, 776.1798pt x 324.0105pt>
File: images/Meta2.png Graphic file (type png)
<use images/Meta2.png>
Package pdftex.def Info: images/Meta2.png  used on input line 1407.
(pdftex.def)             Requested size: 341.43726pt x 142.53044pt.
[27 <./images/Meta1.png (PNG copy)>]
Underfull \hbox (badness 10000) in paragraph at lines 1413--1423

 []

<images/Meta3.png, id=1131, 777.6252pt x 317.988pt>
File: images/Meta3.png Graphic file (type png)
<use images/Meta3.png>
Package pdftex.def Info: images/Meta3.png  used on input line 1425.
(pdftex.def)             Requested size: 341.4442pt x 139.62402pt.
[28 <./images/Meta2.png (PNG copy)>]
<images/Meta4.png, id=1139, 781.4796pt x 325.215pt>
File: images/Meta4.png Graphic file (type png)
<use images/Meta4.png>
Package pdftex.def Info: images/Meta4.png  used on input line 1447.
(pdftex.def)             Requested size: 341.43143pt x 142.08768pt.
[29 <./images/Meta3.png (PNG copy)>]
<images/Meta5.png, id=1150, 784.6113pt x 319.1925pt>
File: images/Meta5.png Graphic file (type png)
<use images/Meta5.png>
Package pdftex.def Info: images/Meta5.png  used on input line 1468.
(pdftex.def)             Requested size: 341.43486pt x 138.90118pt.
[30 <./images/Meta4.png (PNG copy)>]
Underfull \hbox (badness 10000) in paragraph at lines 1471--1480

 []

[31 <./images/Meta5.png (PNG copy)>]
<images/Meta6.png, id=1164, 786.5385pt x 324.4923pt>
File: images/Meta6.png Graphic file (type png)
<use images/Meta6.png>
Package pdftex.def Info: images/Meta6.png  used on input line 1505.
(pdftex.def)             Requested size: 341.4334pt x 140.86087pt.
<images/Mapfragment.jpg, id=1167, 620.3175pt x 516.93124pt>
File: images/Mapfragment.jpg Graphic file (type jpg)
<use images/Mapfragment.jpg>
Package pdftex.def Info: images/Mapfragment.jpg  used on input line 1525.
(pdftex.def)             Requested size: 341.43124pt x 284.52603pt.
[32 <./images/Meta6.png (PNG copy)>] [33 <./images/Mapfragment.jpg>]
Chapter 6.
<images/GSOCmapV150_cropped.jpg, id=1179, 2264.46pt x 998.73125pt>
File: images/GSOCmapV150_cropped.jpg Graphic file (type jpg)
<use images/GSOCmapV150_cropped.jpg>
Package pdftex.def Info: images/GSOCmapV150_cropped.jpg  used on input line 1546.
(pdftex.def)             Requested size: 341.41655pt x 150.58043pt.

Underfull \hbox (badness 10000) in paragraph at lines 1549--1552

 []

[34

 <./images/GSOCmapV150_cropped.jpg>]
Underfull \hbox (badness 10000) in paragraph at lines 1612--1623

 []

[35]
<images/above_below.png, id=1193, 677.53125pt x 414.04688pt>
File: images/above_below.png Graphic file (type png)
<use images/above_below.png>
Package pdftex.def Info: images/above_below.png  used on input line 1652.
(pdftex.def)             Requested size: 341.4424pt x 208.65924pt.
[36] [37 <./images/above_below.png>] [38] [39]
<images/global_assessments.png, id=1220, 389.7762pt x 308.5929pt>
File: images/global_assessments.png Graphic file (type png)
<use images/global_assessments.png>
Package pdftex.def Info: images/global_assessments.png  used on input line 1756.
(pdftex.def)             Requested size: 341.45181pt x 270.33359pt.
[40]
Underfull \hbox (badness 10000) in paragraph at lines 1759--1785

 []

[41 <./images/global_assessments.png>]
<images/Validation_international.png, id=1233, 992.20688pt x 420.82219pt>
File: images/Validation_international.png Graphic file (type png)
<use images/Validation_international.png>
Package pdftex.def Info: images/Validation_international.png  used on input line 1787.
(pdftex.def)             Requested size: 341.43364pt x 144.81137pt.

Underfull \hbox (badness 10000) in paragraph at lines 1790--1805

 []

[42 <./images/Validation_international.png (PNG copy)>] [43]
<images/Change1.jpg, id=1246, 3213.00375pt x 4046.11626pt>
File: images/Change1.jpg Graphic file (type jpg)
<use images/Change1.jpg>
Package pdftex.def Info: images/Change1.jpg  used on input line 1863.
(pdftex.def)             Requested size: 341.42003pt x 429.9482pt.
[44]
Overfull \vbox (9.9482pt too high) has occurred while \output is active []

[45 <./images/Change1.jpg>]
Underfull \hbox (badness 10000) in paragraph at lines 1882--1908

 []

<images/Uncert_GF.jpg, id=1258, 2328.7pt x 952.55875pt>
File: images/Uncert_GF.jpg Graphic file (type jpg)
<use images/Uncert_GF.jpg>
Package pdftex.def Info: images/Uncert_GF.jpg  used on input line 1910.
(pdftex.def)             Requested size: 341.4016pt x 139.65091pt.
[46]
Underfull \hbox (badness 10000) in paragraph at lines 1921--1927

 []

<images/webservices_1_5.jpg, id=1268, 958.58125pt x 428.60126pt>
File: images/webservices_1_5.jpg Graphic file (type jpg)
<use images/webservices_1_5.jpg>
Package pdftex.def Info: images/webservices_1_5.jpg  used on input line 1940.
(pdftex.def)             Requested size: 341.4323pt x 152.66135pt.
[47 <./images/Uncert_GF.jpg>]
<images/webflowchart.png, id=1275, 1993.4475pt x 1508.63625pt>
File: images/webflowchart.png Graphic file (type png)
<use images/webflowchart.png>
Package pdftex.def Info: images/webflowchart.png  used on input line 1944.
(pdftex.def)             Requested size: 341.40625pt x 258.37543pt.
[48 <./images/webservices_1_5.jpg>] [49 <./images/webflowchart.png>]
Chapter 7.

Underfull \hbox (badness 10000) in paragraph at lines 1950--1962

 []

[50

] [51] [52

]
Underfull \hbox (badness 1629) in paragraph at lines 2030--2031
[]\T1/lmr/bx/n/10 Guevara, M., Olmedo, G., Stell, E., Yig-ini, Y., Her-nan-dez,
 []


Underfull \hbox (badness 2932) in paragraph at lines 2030--2031
\T1/lmr/m/it/10 bon Stock Es-ti-mates with Un-cer-tainty across Latin Amer-ica\T1/lmr/m/n/10 . ORNL
 []


Underfull \hbox (badness 1377) in paragraph at lines 2036--2037
[]\T1/lmr/bx/n/10 Hengl, T., Je-sus, J., Heuvelink, G., Ruiperez Gon-za-lez, M.,
 []

[53]
Underfull \hbox (badness 5050) in paragraph at lines 2052--2053
[]\T1/lmr/bx/n/10 FAO/IIASA/ISRIC/ISSCAS/JRC\T1/lmr/m/n/10 . 2012. \T1/lmr/m/it/10 Har-mo-nized World Soil
 []

[54] [55] [56]
Underfull \hbox (badness 10000) in paragraph at lines 2110--2111
[][]$\T1/lmr/m/n/10 https : / / ainfo . cnptia . embrapa . br / digital / bitstream / item / 113101 / 1 / C5 -[] T -[]
 []

[57] [58

] [59]
LaTeX Font Info:    Trying to load font information for T1+lmtt on input line 2231.
(c:/Users/Mainka/AppData/Roaming/TinyTeX/texmf-dist/tex/latex/lm/t1lmtt.fd
File: t1lmtt.fd 2015/05/01 v1.6.1 Font defs for Latin Modern
)
Overfull \hbox (1.499pt too wide) in paragraph at lines 2388--2388
[]\T1/lmtt/m/n/10 Updated external datasets (replaced Soilgrids with a new version):[] 
 []

[60

] [61] [62]
Overfull \hbox (1.499pt too wide) in paragraph at lines 2388--2388
[]  \T1/lmtt/m/n/10 countries: AND, CYP, FRO, GGY, GIB, IMN, JEY, LIE, MCO, VAT, XAD[] 
 []


Overfull \hbox (1.499pt too wide) in paragraph at lines 2388--2388
[]  \T1/lmtt/m/n/10 This algorithm will interpolate values for all designated nodata[] 
 []


Overfull \hbox (1.499pt too wide) in paragraph at lines 2388--2388
[]  \T1/lmtt/m/n/10 GNB, LBR, MLI, NGA, SEN, SLE, TGO, BDI, CAF, COD, RWA, SSD, UGA,[] 
 []


Overfull \hbox (6.74898pt too wide) in paragraph at lines 2388--2388
[]\T1/lmtt/m/n/10 * Improved Model: ESP, IRL, FRA, GRC, BGR, ROU, LTU, LVA, POL, CZE,[] 
 []


Overfull \hbox (1.499pt too wide) in paragraph at lines 2388--2388
[]\T1/lmtt/m/n/10 * Gap Filling (SoilGrids): BGD, LAO, KHM, KOR, PRK, HND, GTM, JAM,[] 
 []

[63] [64] [65] [66]
LaTeX Font Info:    Trying to load font information for TS1+lmtt on input line 2515.
(c:/Users/Mainka/AppData/Roaming/TinyTeX/texmf-dist/tex/latex/lm/ts1lmtt.fd
File: ts1lmtt.fd 2015/05/01 v1.6.1 Font defs for Latin Modern
)
LaTeX Font Info:    Font shape `T1/lmtt/bx/n' in size <10> not available
(Font)              Font shape `T1/lmtt/b/n' tried instead on input line 2521.

LaTeX Font Warning: Font shape `T1/lmtt/bx/it' in size <10> not available
(Font)              Font shape `T1/lmtt/b/sl' tried instead on input line 2576.

[67

]
Underfull \vbox (badness 10000) detected at line 2607
 []


Underfull \vbox (badness 10000) detected at line 2607
 []

[68]
Underfull \vbox (badness 10000) detected at line 2607
 []


Underfull \vbox (badness 10000) detected at line 2607
 []

[69] [70] [71]
Underfull \vbox (badness 10000) detected at line 2755
 []


Underfull \vbox (badness 10000) detected at line 2755
 []

[72] [73] [74] [75] [76

] [77] [78] [79] [80] [81] [82] [83] [84] [85] [86] [87] [88] [89] [90] [91] [92] [93] [94] [95] [96] [97] [98] [99] [100] [101] [102] [103] [104] [105] [106] [107] [108] [109] [110] [111] [112] [113] [114] [115] [116] [117] [118] [119] [120] [121] [122] [123] [124] [125] [126] [127]
Underfull \hbox (badness 3138) in paragraph at lines 4742--4748
\T1/lmr/m/n/10 Citation: Biosoil: [][]$https : / / doi . org / 10 . 5194 / gmd -[] 9 -[] 4169 -[] 2016$[][], 2016, Lu-
 []


Underfull \hbox (badness 10000) in paragraph at lines 4742--4748
\T1/lmr/m/n/10 cas: [][]$https : / / doi . org / 10 . 1016 / j . geoderma . 2015 . 07 . 006$[][], Soil Database:
 []

[128] [129] [130] [131]
Underfull \hbox (badness 2753) in paragraph at lines 4912--4918
\T1/lmr/m/n/10 Citation: [][]$https : / / onlinelibrary . wiley . com / doi / full / 10 . 1111 / gcb . 12558$[][] [][]$https :
 []


Underfull \hbox (badness 10000) in paragraph at lines 4912--4918
\T1/lmr/m/n/10 / / www . thuenen . de / media / institute / ak / Allgemein / news / Thuenen _ Report _
 []


Underfull \hbox (badness 10000) in paragraph at lines 4912--4918
\T1/lmr/m/n/10 64 _ ^^\nal . pdf$[][] [][]$https : / / literatur . thuenen . de / digbib _ extern / dn059837 . pdf$[][]
 []

[132] [133] [134] [135] [136] [137] [138] [139] [140] [141] [142] [143] [144] [145] [146] [147] [148] [149] [150] [151]
Underfull \hbox (badness 1377) in paragraph at lines 5607--5610
\T1/lmr/m/n/10 Institution: Crop-land:Institute for Agro-Environmental Sci-ences, NARO,
 []

[152] [153]
Overfull \hbox (25.74176pt too wide) in paragraph at lines 5704--5709
\T1/lmr/m/n/10 Validation: RMSE=39.72 t/ha ;AC=0.657806; MAE=28.958 t/ha; SDOV=36.117432;
 []


Underfull \hbox (badness 7907) in paragraph at lines 5713--5716
\T1/lmr/m/n/10 Email or web-site: Pe-ter ka-moni([][]$pkamoni @ gmail . com$[][]) Ma-tolo Nya-
 []

[154] [155] [156] [157] [158] [159] [160] [161] [162] [163] [164] [165] [166] [167] [168] [169] [170] [171] [172] [173] [174] [175] [176] [177] [178] [179] [180] [181] [182] [183] [184] [185] [186] [187] [188] [189] [190] [191]
Overfull \hbox (17.1196pt too wide) in paragraph at lines 7120--7123
\T1/lmr/m/n/10 Email or web-site: [][]$baldwinmp @ gmail . com$[][]/[][]$rodelcarating @ yahoo . com$[][]/[][]$angelenriquez .
 []

[192] [193] [194] [195] [196] [197] [198] [199] [200] [201] [202] [203] [204] [205] [206] [207] [208] [209] [210] [211] [212] [213]
Overfull \hbox (86.80429pt too wide) in paragraph at lines 7904--7911
\T1/lmr/m/n/10 Validation: STATIS-TICS_MAXIMUM=4.8131771087646 STATIS-TICS_MEAN=1.1700157773579
 []


Overfull \hbox (57.63724pt too wide) in paragraph at lines 7904--7911
\T1/lmr/m/n/10 STATIS-TICS_MINIMUM=0.001964766299352 STATIS-TICS_STDDEV=0.71722792069521 
 []

[214] [215] [216] [217] [218] [219] [220] [221] [222] [223] [224] [225] [226] [227] [228] [229] [230] [231]
Underfull \hbox (badness 2884) in paragraph at lines 8586--8590
\T1/lmr/m/n/10 Validation: RMSE = 0.4566, MAE= 0.3558, me_mean= -0.0002158,
 []

[232] [233] [234] [235] [236] [237]
<images/backcover.pdf, id=3983, 500.76888pt x 711.3185pt>
File: images/backcover.pdf Graphic file (type pdf)
<use images/backcover.pdf>
Package pdftex.def Info: images/backcover.pdf  used on input line 8820.
(pdftex.def)             Requested size: 328.06331pt x 465.99843pt.
File: images/backcover.pdf Graphic file (type pdf)
<use images/backcover.pdf>
Package pdftex.def Info: images/backcover.pdf  used on input line 8820.
(pdftex.def)             Requested size: 328.06331pt x 465.99843pt.
<images/backcover.pdf, id=3986, page=1, 500.76888pt x 711.3185pt>
File: images/backcover.pdf Graphic file (type pdf)
<use images/backcover.pdf, page 1>
Package pdftex.def Info: images/backcover.pdf , page1 used on input line 8820.
(pdftex.def)             Requested size: 500.76764pt x 711.31676pt.
File: images/backcover.pdf Graphic file (type pdf)
<use images/backcover.pdf, page 1>
Package pdftex.def Info: images/backcover.pdf , page1 used on input line 8820.
(pdftex.def)             Requested size: 500.98923pt x 711.63152pt.
[238]
File: images/backcover.pdf Graphic file (type pdf)
<use images/backcover.pdf, page 1>
Package pdftex.def Info: images/backcover.pdf , page1 used on input line 8820.
(pdftex.def)             Requested size: 500.98923pt x 711.63152pt.
File: images/backcover.pdf Graphic file (type pdf)
<use images/backcover.pdf, page 1>
Package pdftex.def Info: images/backcover.pdf , page1 used on input line 8820.
(pdftex.def)             Requested size: 500.98923pt x 711.63152pt.
File: images/backcover.pdf Graphic file (type pdf)
<use images/backcover.pdf, page 1>
Package pdftex.def Info: images/backcover.pdf , page1 used on input line 8820.
(pdftex.def)             Requested size: 500.98923pt x 711.63152pt.
[239 <./images/backcover.pdf>] (./GSOCmap_TR.aux)

LaTeX Warning: There were multiply-defined labels.

 ) 
Here is how much of TeX's memory you used:
 21360 strings out of 480236
 359844 string characters out of 5894132
 714310 words of memory out of 5000000
 36677 multiletter control sequences out of 15000+600000
 551966 words of font info for 82 fonts, out of 8000000 for 9000
 14 hyphenation exceptions out of 8191
 110i,17n,133p,1119b,528s stack positions out of 5000i,500n,10000p,200000b,80000s
pdfTeX warning (dest): name{chap:changelog} has been referenced but does not exist, replaced by a fixed one

pdfTeX warning (dest): name{fig:webflowchart} has been referenced but does not exist, replaced by a fixed one

pdfTeX warning (dest): name{fig:webservices} has been referenced but does not exist, replaced by a fixed one

pdfTeX warning (dest): name{fig:change3maps} has been referenced but does not exist, replaced by a fixed one

pdfTeX warning (dest): name{tab:validation} has been referenced but does not exist, replaced by a fixed one

pdfTeX warning (dest): name{fig:validation_points} has been referenced but does not exist, replaced by a fixed one

pdfTeX warning (dest): name{fig:comparison} has been referenced but does not exist, replaced by a fixed one

pdfTeX warning (dest): name{soiltypes} has been referenced but does not exist, replaced by a fixed one

pdfTeX warning (dest): name{stockslandcover} has been referenced but does not exist, replaced by a fixed one

pdfTeX warning (dest): name{abovebelow} has been referenced but does not exist, replaced by a fixed one

pdfTeX warning (dest): name{tab:stocksclimate} has been referenced but does not exist, replaced by a fixed one

pdfTeX warning (dest): name{fig:mapfrag} has been referenced but does not exist, replaced by a fixed one

pdfTeX warning (dest): name{fig:mapping} has been referenced but does not exist, replaced by a fixed one

pdfTeX warning (dest): name{fig:CRF} has been referenced but does not exist, replaced by a fixed one

pdfTeX warning (dest): name{fig:BLD} has been referenced but does not exist, replaced by a fixed one

pdfTeX warning (dest): name{fig:SOC} has been referenced but does not exist, replaced by a fixed one

pdfTeX warning (dest): name{fig:sampling} has been referenced but does not exist, replaced by a fixed one

pdfTeX warning (dest): name{fig:density} has been referenced but does not exist, replaced by a fixed one

pdfTeX warning (dest): name{scripts} has been referenced but does not exist, replaced by a fixed one

pdfTeX warning (dest): name{chap:form} has been referenced but does not exist, replaced by a fixed one

pdfTeX warning (dest): name{tab:source} has been referenced but does not exist, replaced by a fixed one

{c:/Users/Mainka/AppData/Roaming/TinyTeX/texmf-dist/fonts/enc/dvips/lm/lm-ts1.enc}{c:/Users/Mainka/AppData/Roaming/TinyTeX/texmf-dist/fonts/enc/dvips/lm/lm-ec.enc}<c:/Users/Mainka/AppData/Roaming/TinyTeX/texmf-dist/fonts/type1/public/lm/lmbx10.pfb><c:/Users/Mainka/AppData/Roaming/TinyTeX/texmf-dist/fonts/type1/public/lm/lmbx12.pfb><c:/Users/Mainka/AppData/Roaming/TinyTeX/texmf-dist/fonts/type1/public/lm/lmbx7.pfb><c:/Users/Mainka/AppData/Roaming/TinyTeX/texmf-dist/fonts/type1/public/lm/lmr10.pfb><c:/Users/Mainka/AppData/Roaming/TinyTeX/texmf-dist/fonts/type1/public/lm/lmr6.pfb><c:/Users/Mainka/AppData/Roaming/TinyTeX/texmf-dist/fonts/type1/public/lm/lmr7.pfb><c:/Users/Mainka/AppData/Roaming/TinyTeX/texmf-dist/fonts/type1/public/lm/lmr8.pfb><c:/Users/Mainka/AppData/Roaming/TinyTeX/texmf-dist/fonts/type1/public/lm/lmri10.pfb><c:/Users/Mainka/AppData/Roaming/TinyTeX/texmf-dist/fonts/type1/public/lm/lmssbx10.pfb><c:/Users/Mainka/AppData/Roaming/TinyTeX/texmf-dist/fonts/type1/public/lm/lmtk10.pfb><c:/Users/Mainka/AppData/Roaming/TinyTeX/texmf-dist/fonts/type1/public/lm/lmtko10.pfb><c:/Users/Mainka/AppData/Roaming/TinyTeX/texmf-dist/fonts/type1/public/lm/lmtt10.pfb><c:/Users/Mainka/AppData/Roaming/TinyTeX/texmf-dist/fonts/type1/public/lm/lmtti10.pfb>
Output written on GSOCmap_TR.pdf (263 pages, 10036426 bytes).
PDF statistics:
 5319 PDF objects out of 6186 (max. 8388607)
 4832 compressed objects within 49 object streams
 2236 named destinations out of 2487 (max. 500000)
 2138 words of extra memory for PDF output out of 10000 (max. 10000000)

